[35m2023-10-14 16:11:53,248[0;39m [34mINFO [0;39m [[34mmain[0;39m] [33mo.s.b.StartupInfoLogger.logStarting:55[0;39m:Starting S3RefreshPollerLibApplicationTests using Java 1.8.0_181 on MacBook-Pro.local with PID 32767 (started by aloksingh in /Users/aloksingh/git/s3-refresh-submitter-demo)
[35m2023-10-14 16:11:53,251[0;39m [34mINFO [0;39m [[34mmain[0;39m] [33mo.s.b.SpringApplication.logStartupProfileInfo:631[0;39m:No active profile set, falling back to 1 default profile: "default"
[35m2023-10-14 16:11:54,603[0;39m [34mINFO [0;39m [[34mmain[0;39m] [33mo.s.b.StartupInfoLogger.logStarted:61[0;39m:Started S3RefreshPollerLibApplicationTests in 1.871 seconds (JVM running for 3.733)
[35m2023-10-14 16:17:51,524[0;39m [34mINFO [0;39m [[34mmain[0;39m] [33mo.s.b.StartupInfoLogger.logStarting:55[0;39m:Starting S3RefreshPollerLibApplicationTests using Java 1.8.0_181 on MacBook-Pro.local with PID 32960 (started by aloksingh in /Users/aloksingh/git/s3-refresh-submitter-demo)
[35m2023-10-14 16:17:51,527[0;39m [34mINFO [0;39m [[34mmain[0;39m] [33mo.s.b.SpringApplication.logStartupProfileInfo:631[0;39m:No active profile set, falling back to 1 default profile: "default"
[35m2023-10-14 16:17:52,682[0;39m [34mINFO [0;39m [[34mmain[0;39m] [33mo.s.b.StartupInfoLogger.logStarted:61[0;39m:Started S3RefreshPollerLibApplicationTests in 1.651 seconds (JVM running for 3.344)
[35m2023-10-14 16:17:52,693[0;39m [34mINFO [0;39m [[34mmain[0;39m] [33mc.a.a.s.r.d.S3RefreshPollerLibApplication.run:24[0;39m:Application Started!!!
[35m2023-10-14 16:17:52,727[0;39m [1;31mERROR[0;39m [[34mmain[0;39m] [33mo.s.b.SpringApplication.reportFailure:821[0;39m:Application run failed
java.lang.IllegalStateException: Failed to execute ApplicationRunner
	at org.springframework.boot.SpringApplication.callRunner(SpringApplication.java:762)
	at org.springframework.boot.SpringApplication.callRunners(SpringApplication.java:749)
	at org.springframework.boot.SpringApplication.run(SpringApplication.java:314)
	at org.springframework.boot.test.context.SpringBootContextLoader.loadContext(SpringBootContextLoader.java:136)
	at org.springframework.test.context.cache.DefaultCacheAwareContextLoaderDelegate.loadContextInternal(DefaultCacheAwareContextLoaderDelegate.java:141)
	at org.springframework.test.context.cache.DefaultCacheAwareContextLoaderDelegate.loadContext(DefaultCacheAwareContextLoaderDelegate.java:90)
	at org.springframework.test.context.support.DefaultTestContext.getApplicationContext(DefaultTestContext.java:124)
	at org.springframework.test.context.support.DependencyInjectionTestExecutionListener.injectDependencies(DependencyInjectionTestExecutionListener.java:118)
	at org.springframework.test.context.support.DependencyInjectionTestExecutionListener.prepareTestInstance(DependencyInjectionTestExecutionListener.java:83)
	at org.springframework.boot.test.autoconfigure.SpringBootDependencyInjectionTestExecutionListener.prepareTestInstance(SpringBootDependencyInjectionTestExecutionListener.java:43)
	at org.springframework.test.context.TestContextManager.prepareTestInstance(TestContextManager.java:248)
	at org.springframework.test.context.junit.jupiter.SpringExtension.postProcessTestInstance(SpringExtension.java:138)
	at org.junit.jupiter.engine.descriptor.ClassBasedTestDescriptor.lambda$invokeTestInstancePostProcessors$8(ClassBasedTestDescriptor.java:363)
	at org.junit.jupiter.engine.descriptor.ClassBasedTestDescriptor.executeAndMaskThrowable(ClassBasedTestDescriptor.java:368)
	at org.junit.jupiter.engine.descriptor.ClassBasedTestDescriptor.lambda$invokeTestInstancePostProcessors$9(ClassBasedTestDescriptor.java:363)
	at java.util.stream.ReferencePipeline$3$1.accept(ReferencePipeline.java:193)
	at java.util.stream.ReferencePipeline$2$1.accept(ReferencePipeline.java:175)
	at java.util.ArrayList$ArrayListSpliterator.forEachRemaining(ArrayList.java:1382)
	at java.util.stream.AbstractPipeline.copyInto(AbstractPipeline.java:481)
	at java.util.stream.AbstractPipeline.wrapAndCopyInto(AbstractPipeline.java:471)
	at java.util.stream.StreamSpliterators$WrappingSpliterator.forEachRemaining(StreamSpliterators.java:312)
	at java.util.stream.Streams$ConcatSpliterator.forEachRemaining(Streams.java:743)
	at java.util.stream.Streams$ConcatSpliterator.forEachRemaining(Streams.java:742)
	at java.util.stream.ReferencePipeline$Head.forEach(ReferencePipeline.java:580)
	at org.junit.jupiter.engine.descriptor.ClassBasedTestDescriptor.invokeTestInstancePostProcessors(ClassBasedTestDescriptor.java:362)
	at org.junit.jupiter.engine.descriptor.ClassBasedTestDescriptor.lambda$instantiateAndPostProcessTestInstance$6(ClassBasedTestDescriptor.java:283)
	at org.junit.platform.engine.support.hierarchical.ThrowableCollector.execute(ThrowableCollector.java:73)
	at org.junit.jupiter.engine.descriptor.ClassBasedTestDescriptor.instantiateAndPostProcessTestInstance(ClassBasedTestDescriptor.java:282)
	at org.junit.jupiter.engine.descriptor.ClassBasedTestDescriptor.lambda$testInstancesProvider$4(ClassBasedTestDescriptor.java:272)
	at java.util.Optional.orElseGet(Optional.java:267)
	at org.junit.jupiter.engine.descriptor.ClassBasedTestDescriptor.lambda$testInstancesProvider$5(ClassBasedTestDescriptor.java:271)
	at org.junit.jupiter.engine.execution.TestInstancesProvider.getTestInstances(TestInstancesProvider.java:31)
	at org.junit.jupiter.engine.descriptor.TestMethodTestDescriptor.lambda$prepare$0(TestMethodTestDescriptor.java:102)
	at org.junit.platform.engine.support.hierarchical.ThrowableCollector.execute(ThrowableCollector.java:73)
	at org.junit.jupiter.engine.descriptor.TestMethodTestDescriptor.prepare(TestMethodTestDescriptor.java:101)
	at org.junit.jupiter.engine.descriptor.TestMethodTestDescriptor.prepare(TestMethodTestDescriptor.java:66)
	at org.junit.platform.engine.support.hierarchical.NodeTestTask.lambda$prepare$2(NodeTestTask.java:123)
	at org.junit.platform.engine.support.hierarchical.ThrowableCollector.execute(ThrowableCollector.java:73)
	at org.junit.platform.engine.support.hierarchical.NodeTestTask.prepare(NodeTestTask.java:123)
	at org.junit.platform.engine.support.hierarchical.NodeTestTask.execute(NodeTestTask.java:90)
	at java.util.ArrayList.forEach(ArrayList.java:1257)
	at org.junit.platform.engine.support.hierarchical.SameThreadHierarchicalTestExecutorService.invokeAll(SameThreadHierarchicalTestExecutorService.java:41)
	at org.junit.platform.engine.support.hierarchical.NodeTestTask.lambda$executeRecursively$6(NodeTestTask.java:155)
	at org.junit.platform.engine.support.hierarchical.ThrowableCollector.execute(ThrowableCollector.java:73)
	at org.junit.platform.engine.support.hierarchical.NodeTestTask.lambda$executeRecursively$8(NodeTestTask.java:141)
	at org.junit.platform.engine.support.hierarchical.Node.around(Node.java:137)
	at org.junit.platform.engine.support.hierarchical.NodeTestTask.lambda$executeRecursively$9(NodeTestTask.java:139)
	at org.junit.platform.engine.support.hierarchical.ThrowableCollector.execute(ThrowableCollector.java:73)
	at org.junit.platform.engine.support.hierarchical.NodeTestTask.executeRecursively(NodeTestTask.java:138)
	at org.junit.platform.engine.support.hierarchical.NodeTestTask.execute(NodeTestTask.java:95)
	at java.util.ArrayList.forEach(ArrayList.java:1257)
	at org.junit.platform.engine.support.hierarchical.SameThreadHierarchicalTestExecutorService.invokeAll(SameThreadHierarchicalTestExecutorService.java:41)
	at org.junit.platform.engine.support.hierarchical.NodeTestTask.lambda$executeRecursively$6(NodeTestTask.java:155)
	at org.junit.platform.engine.support.hierarchical.ThrowableCollector.execute(ThrowableCollector.java:73)
	at org.junit.platform.engine.support.hierarchical.NodeTestTask.lambda$executeRecursively$8(NodeTestTask.java:141)
	at org.junit.platform.engine.support.hierarchical.Node.around(Node.java:137)
	at org.junit.platform.engine.support.hierarchical.NodeTestTask.lambda$executeRecursively$9(NodeTestTask.java:139)
	at org.junit.platform.engine.support.hierarchical.ThrowableCollector.execute(ThrowableCollector.java:73)
	at org.junit.platform.engine.support.hierarchical.NodeTestTask.executeRecursively(NodeTestTask.java:138)
	at org.junit.platform.engine.support.hierarchical.NodeTestTask.execute(NodeTestTask.java:95)
	at org.junit.platform.engine.support.hierarchical.SameThreadHierarchicalTestExecutorService.submit(SameThreadHierarchicalTestExecutorService.java:35)
	at org.junit.platform.engine.support.hierarchical.HierarchicalTestExecutor.execute(HierarchicalTestExecutor.java:57)
	at org.junit.platform.engine.support.hierarchical.HierarchicalTestEngine.execute(HierarchicalTestEngine.java:54)
	at org.junit.platform.launcher.core.DefaultLauncher.execute(DefaultLauncher.java:220)
	at org.junit.platform.launcher.core.DefaultLauncher.lambda$execute$6(DefaultLauncher.java:188)
	at org.junit.platform.launcher.core.DefaultLauncher.withInterceptedStreams(DefaultLauncher.java:202)
	at org.junit.platform.launcher.core.DefaultLauncher.execute(DefaultLauncher.java:181)
	at org.junit.platform.launcher.core.DefaultLauncher.execute(DefaultLauncher.java:128)
	at org.apache.maven.surefire.junitplatform.JUnitPlatformProvider.invokeAllTests(JUnitPlatformProvider.java:150)
	at org.apache.maven.surefire.junitplatform.JUnitPlatformProvider.invoke(JUnitPlatformProvider.java:124)
	at org.apache.maven.surefire.booter.ForkedBooter.invokeProviderInSameClassLoader(ForkedBooter.java:384)
	at org.apache.maven.surefire.booter.ForkedBooter.runSuitesInProcess(ForkedBooter.java:345)
	at org.apache.maven.surefire.booter.ForkedBooter.execute(ForkedBooter.java:126)
	at org.apache.maven.surefire.booter.ForkedBooter.main(ForkedBooter.java:418)
Caused by: java.lang.NullPointerException: null
	at com.alok.aws.s3.refresher.demo.S3RefreshPollerLibApplication.run(S3RefreshPollerLibApplication.java:26)
	at org.springframework.boot.SpringApplication.callRunner(SpringApplication.java:759)
	... 73 common frames omitted
[35m2023-10-14 16:17:52,733[0;39m [1;31mERROR[0;39m [[34mmain[0;39m] [33mo.s.t.c.TestContextManager.prepareTestInstance:252[0;39m:Caught exception while allowing TestExecutionListener [org.springframework.boot.test.autoconfigure.SpringBootDependencyInjectionTestExecutionListener@1c7696c6] to prepare test instance [com.alok.aws.s3.refresher.demo.S3RefreshPollerLibApplicationTests@742ff096]
java.lang.IllegalStateException: Failed to load ApplicationContext
	at org.springframework.test.context.cache.DefaultCacheAwareContextLoaderDelegate.loadContext(DefaultCacheAwareContextLoaderDelegate.java:98)
	at org.springframework.test.context.support.DefaultTestContext.getApplicationContext(DefaultTestContext.java:124)
	at org.springframework.test.context.support.DependencyInjectionTestExecutionListener.injectDependencies(DependencyInjectionTestExecutionListener.java:118)
	at org.springframework.test.context.support.DependencyInjectionTestExecutionListener.prepareTestInstance(DependencyInjectionTestExecutionListener.java:83)
	at org.springframework.boot.test.autoconfigure.SpringBootDependencyInjectionTestExecutionListener.prepareTestInstance(SpringBootDependencyInjectionTestExecutionListener.java:43)
	at org.springframework.test.context.TestContextManager.prepareTestInstance(TestContextManager.java:248)
	at org.springframework.test.context.junit.jupiter.SpringExtension.postProcessTestInstance(SpringExtension.java:138)
	at org.junit.jupiter.engine.descriptor.ClassBasedTestDescriptor.lambda$invokeTestInstancePostProcessors$8(ClassBasedTestDescriptor.java:363)
	at org.junit.jupiter.engine.descriptor.ClassBasedTestDescriptor.executeAndMaskThrowable(ClassBasedTestDescriptor.java:368)
	at org.junit.jupiter.engine.descriptor.ClassBasedTestDescriptor.lambda$invokeTestInstancePostProcessors$9(ClassBasedTestDescriptor.java:363)
	at java.util.stream.ReferencePipeline$3$1.accept(ReferencePipeline.java:193)
	at java.util.stream.ReferencePipeline$2$1.accept(ReferencePipeline.java:175)
	at java.util.ArrayList$ArrayListSpliterator.forEachRemaining(ArrayList.java:1382)
	at java.util.stream.AbstractPipeline.copyInto(AbstractPipeline.java:481)
	at java.util.stream.AbstractPipeline.wrapAndCopyInto(AbstractPipeline.java:471)
	at java.util.stream.StreamSpliterators$WrappingSpliterator.forEachRemaining(StreamSpliterators.java:312)
	at java.util.stream.Streams$ConcatSpliterator.forEachRemaining(Streams.java:743)
	at java.util.stream.Streams$ConcatSpliterator.forEachRemaining(Streams.java:742)
	at java.util.stream.ReferencePipeline$Head.forEach(ReferencePipeline.java:580)
	at org.junit.jupiter.engine.descriptor.ClassBasedTestDescriptor.invokeTestInstancePostProcessors(ClassBasedTestDescriptor.java:362)
	at org.junit.jupiter.engine.descriptor.ClassBasedTestDescriptor.lambda$instantiateAndPostProcessTestInstance$6(ClassBasedTestDescriptor.java:283)
	at org.junit.platform.engine.support.hierarchical.ThrowableCollector.execute(ThrowableCollector.java:73)
	at org.junit.jupiter.engine.descriptor.ClassBasedTestDescriptor.instantiateAndPostProcessTestInstance(ClassBasedTestDescriptor.java:282)
	at org.junit.jupiter.engine.descriptor.ClassBasedTestDescriptor.lambda$testInstancesProvider$4(ClassBasedTestDescriptor.java:272)
	at java.util.Optional.orElseGet(Optional.java:267)
	at org.junit.jupiter.engine.descriptor.ClassBasedTestDescriptor.lambda$testInstancesProvider$5(ClassBasedTestDescriptor.java:271)
	at org.junit.jupiter.engine.execution.TestInstancesProvider.getTestInstances(TestInstancesProvider.java:31)
	at org.junit.jupiter.engine.descriptor.TestMethodTestDescriptor.lambda$prepare$0(TestMethodTestDescriptor.java:102)
	at org.junit.platform.engine.support.hierarchical.ThrowableCollector.execute(ThrowableCollector.java:73)
	at org.junit.jupiter.engine.descriptor.TestMethodTestDescriptor.prepare(TestMethodTestDescriptor.java:101)
	at org.junit.jupiter.engine.descriptor.TestMethodTestDescriptor.prepare(TestMethodTestDescriptor.java:66)
	at org.junit.platform.engine.support.hierarchical.NodeTestTask.lambda$prepare$2(NodeTestTask.java:123)
	at org.junit.platform.engine.support.hierarchical.ThrowableCollector.execute(ThrowableCollector.java:73)
	at org.junit.platform.engine.support.hierarchical.NodeTestTask.prepare(NodeTestTask.java:123)
	at org.junit.platform.engine.support.hierarchical.NodeTestTask.execute(NodeTestTask.java:90)
	at java.util.ArrayList.forEach(ArrayList.java:1257)
	at org.junit.platform.engine.support.hierarchical.SameThreadHierarchicalTestExecutorService.invokeAll(SameThreadHierarchicalTestExecutorService.java:41)
	at org.junit.platform.engine.support.hierarchical.NodeTestTask.lambda$executeRecursively$6(NodeTestTask.java:155)
	at org.junit.platform.engine.support.hierarchical.ThrowableCollector.execute(ThrowableCollector.java:73)
	at org.junit.platform.engine.support.hierarchical.NodeTestTask.lambda$executeRecursively$8(NodeTestTask.java:141)
	at org.junit.platform.engine.support.hierarchical.Node.around(Node.java:137)
	at org.junit.platform.engine.support.hierarchical.NodeTestTask.lambda$executeRecursively$9(NodeTestTask.java:139)
	at org.junit.platform.engine.support.hierarchical.ThrowableCollector.execute(ThrowableCollector.java:73)
	at org.junit.platform.engine.support.hierarchical.NodeTestTask.executeRecursively(NodeTestTask.java:138)
	at org.junit.platform.engine.support.hierarchical.NodeTestTask.execute(NodeTestTask.java:95)
	at java.util.ArrayList.forEach(ArrayList.java:1257)
	at org.junit.platform.engine.support.hierarchical.SameThreadHierarchicalTestExecutorService.invokeAll(SameThreadHierarchicalTestExecutorService.java:41)
	at org.junit.platform.engine.support.hierarchical.NodeTestTask.lambda$executeRecursively$6(NodeTestTask.java:155)
	at org.junit.platform.engine.support.hierarchical.ThrowableCollector.execute(ThrowableCollector.java:73)
	at org.junit.platform.engine.support.hierarchical.NodeTestTask.lambda$executeRecursively$8(NodeTestTask.java:141)
	at org.junit.platform.engine.support.hierarchical.Node.around(Node.java:137)
	at org.junit.platform.engine.support.hierarchical.NodeTestTask.lambda$executeRecursively$9(NodeTestTask.java:139)
	at org.junit.platform.engine.support.hierarchical.ThrowableCollector.execute(ThrowableCollector.java:73)
	at org.junit.platform.engine.support.hierarchical.NodeTestTask.executeRecursively(NodeTestTask.java:138)
	at org.junit.platform.engine.support.hierarchical.NodeTestTask.execute(NodeTestTask.java:95)
	at org.junit.platform.engine.support.hierarchical.SameThreadHierarchicalTestExecutorService.submit(SameThreadHierarchicalTestExecutorService.java:35)
	at org.junit.platform.engine.support.hierarchical.HierarchicalTestExecutor.execute(HierarchicalTestExecutor.java:57)
	at org.junit.platform.engine.support.hierarchical.HierarchicalTestEngine.execute(HierarchicalTestEngine.java:54)
	at org.junit.platform.launcher.core.DefaultLauncher.execute(DefaultLauncher.java:220)
	at org.junit.platform.launcher.core.DefaultLauncher.lambda$execute$6(DefaultLauncher.java:188)
	at org.junit.platform.launcher.core.DefaultLauncher.withInterceptedStreams(DefaultLauncher.java:202)
	at org.junit.platform.launcher.core.DefaultLauncher.execute(DefaultLauncher.java:181)
	at org.junit.platform.launcher.core.DefaultLauncher.execute(DefaultLauncher.java:128)
	at org.apache.maven.surefire.junitplatform.JUnitPlatformProvider.invokeAllTests(JUnitPlatformProvider.java:150)
	at org.apache.maven.surefire.junitplatform.JUnitPlatformProvider.invoke(JUnitPlatformProvider.java:124)
	at org.apache.maven.surefire.booter.ForkedBooter.invokeProviderInSameClassLoader(ForkedBooter.java:384)
	at org.apache.maven.surefire.booter.ForkedBooter.runSuitesInProcess(ForkedBooter.java:345)
	at org.apache.maven.surefire.booter.ForkedBooter.execute(ForkedBooter.java:126)
	at org.apache.maven.surefire.booter.ForkedBooter.main(ForkedBooter.java:418)
Caused by: java.lang.IllegalStateException: Failed to execute ApplicationRunner
	at org.springframework.boot.SpringApplication.callRunner(SpringApplication.java:762)
	at org.springframework.boot.SpringApplication.callRunners(SpringApplication.java:749)
	at org.springframework.boot.SpringApplication.run(SpringApplication.java:314)
	at org.springframework.boot.test.context.SpringBootContextLoader.loadContext(SpringBootContextLoader.java:136)
	at org.springframework.test.context.cache.DefaultCacheAwareContextLoaderDelegate.loadContextInternal(DefaultCacheAwareContextLoaderDelegate.java:141)
	at org.springframework.test.context.cache.DefaultCacheAwareContextLoaderDelegate.loadContext(DefaultCacheAwareContextLoaderDelegate.java:90)
	... 68 common frames omitted
Caused by: java.lang.NullPointerException: null
	at com.alok.aws.s3.refresher.demo.S3RefreshPollerLibApplication.run(S3RefreshPollerLibApplication.java:26)
	at org.springframework.boot.SpringApplication.callRunner(SpringApplication.java:759)
	... 73 common frames omitted
[35m2023-10-14 16:19:08,533[0;39m [34mINFO [0;39m [[34mmain[0;39m] [33mo.s.b.StartupInfoLogger.logStarting:55[0;39m:Starting S3RefreshPollerLibApplication using Java 1.8.0_181 on MacBook-Pro.local with PID 32996 (/Users/aloksingh/git/s3-refresh-submitter-demo/target/classes started by aloksingh in /Users/aloksingh/git/s3-refresh-submitter-demo)
[35m2023-10-14 16:19:08,536[0;39m [34mINFO [0;39m [[34mmain[0;39m] [33mo.s.b.SpringApplication.logStartupProfileInfo:631[0;39m:No active profile set, falling back to 1 default profile: "default"
[35m2023-10-14 16:19:09,687[0;39m [34mINFO [0;39m [[34mmain[0;39m] [33mo.s.b.StartupInfoLogger.logStarted:61[0;39m:Started S3RefreshPollerLibApplication in 1.875 seconds (JVM running for 2.678)
[35m2023-10-14 16:19:09,698[0;39m [34mINFO [0;39m [[34mmain[0;39m] [33mc.a.a.s.r.d.S3RefreshPollerLibApplication.run:24[0;39m:Application Started!!!
[35m2023-10-14 16:19:09,735[0;39m [1;31mERROR[0;39m [[34mmain[0;39m] [33mo.s.b.SpringApplication.reportFailure:821[0;39m:Application run failed
java.lang.IllegalStateException: Failed to execute ApplicationRunner
	at org.springframework.boot.SpringApplication.callRunner(SpringApplication.java:762)
	at org.springframework.boot.SpringApplication.callRunners(SpringApplication.java:749)
	at org.springframework.boot.SpringApplication.run(SpringApplication.java:314)
	at org.springframework.boot.SpringApplication.run(SpringApplication.java:1303)
	at org.springframework.boot.SpringApplication.run(SpringApplication.java:1292)
	at com.alok.aws.s3.refresher.demo.S3RefreshPollerLibApplication.main(S3RefreshPollerLibApplication.java:19)
Caused by: java.lang.NullPointerException: null
	at com.alok.aws.s3.refresher.demo.S3RefreshPollerLibApplication.run(S3RefreshPollerLibApplication.java:26)
	at org.springframework.boot.SpringApplication.callRunner(SpringApplication.java:759)
	... 5 common frames omitted
[35m2023-10-14 16:19:24,662[0;39m [34mINFO [0;39m [[34mmain[0;39m] [33mo.s.b.StartupInfoLogger.logStarting:55[0;39m:Starting S3RefreshPollerLibApplication using Java 1.8.0_181 on MacBook-Pro.local with PID 33329 (/Users/aloksingh/git/s3-refresh-submitter-demo/target/classes started by aloksingh in /Users/aloksingh/git/s3-refresh-submitter-demo)
[35m2023-10-14 16:19:24,665[0;39m [34mINFO [0;39m [[34mmain[0;39m] [33mo.s.b.SpringApplication.logStartupProfileInfo:631[0;39m:No active profile set, falling back to 1 default profile: "default"
[35m2023-10-14 16:19:25,875[0;39m [34mINFO [0;39m [[34mmain[0;39m] [33mo.s.b.StartupInfoLogger.logStarted:61[0;39m:Started S3RefreshPollerLibApplication in 1.97 seconds (JVM running for 2.86)
[35m2023-10-14 16:19:25,883[0;39m [34mINFO [0;39m [[34mmain[0;39m] [33mc.a.a.s.r.d.S3RefreshPollerLibApplication.run:24[0;39m:Application Started!!!
[35m2023-10-14 16:19:25,924[0;39m [1;31mERROR[0;39m [[34mmain[0;39m] [33mo.s.b.SpringApplication.reportFailure:821[0;39m:Application run failed
java.lang.IllegalStateException: Failed to execute ApplicationRunner
	at org.springframework.boot.SpringApplication.callRunner(SpringApplication.java:762)
	at org.springframework.boot.SpringApplication.callRunners(SpringApplication.java:749)
	at org.springframework.boot.SpringApplication.run(SpringApplication.java:314)
	at org.springframework.boot.SpringApplication.run(SpringApplication.java:1303)
	at org.springframework.boot.SpringApplication.run(SpringApplication.java:1292)
	at com.alok.aws.s3.refresher.demo.S3RefreshPollerLibApplication.main(S3RefreshPollerLibApplication.java:19)
Caused by: java.lang.NullPointerException: null
	at com.alok.aws.s3.refresher.demo.S3RefreshPollerLibApplication.run(S3RefreshPollerLibApplication.java:26)
	at org.springframework.boot.SpringApplication.callRunner(SpringApplication.java:759)
	... 5 common frames omitted
[35m2023-10-14 16:19:59,671[0;39m [34mINFO [0;39m [[34mmain[0;39m] [33mo.s.b.StartupInfoLogger.logStarting:55[0;39m:Starting S3RefreshPollerLibApplication using Java 1.8.0_181 on MacBook-Pro.local with PID 33337 (/Users/aloksingh/git/s3-refresh-submitter-demo/target/classes started by aloksingh in /Users/aloksingh/git/s3-refresh-submitter-demo)
[35m2023-10-14 16:19:59,675[0;39m [34mINFO [0;39m [[34mmain[0;39m] [33mo.s.b.SpringApplication.logStartupProfileInfo:631[0;39m:No active profile set, falling back to 1 default profile: "default"
[35m2023-10-14 16:20:00,861[0;39m [34mINFO [0;39m [[34mmain[0;39m] [33mo.s.b.StartupInfoLogger.logStarted:61[0;39m:Started S3RefreshPollerLibApplication in 2.071 seconds (JVM running for 3.393)
[35m2023-10-14 16:20:00,872[0;39m [34mINFO [0;39m [[34mmain[0;39m] [33mc.a.a.s.r.d.S3RefreshPollerLibApplication.run:24[0;39m:Application Started!!!
[35m2023-10-14 16:20:01,034[0;39m [1;31mERROR[0;39m [[34mmain[0;39m] [33mo.s.b.SpringApplication.reportFailure:821[0;39m:Application run failed
java.lang.IllegalStateException: Failed to execute ApplicationRunner
	at org.springframework.boot.SpringApplication.callRunner(SpringApplication.java:762)
	at org.springframework.boot.SpringApplication.callRunners(SpringApplication.java:749)
	at org.springframework.boot.SpringApplication.run(SpringApplication.java:314)
	at org.springframework.boot.SpringApplication.run(SpringApplication.java:1303)
	at org.springframework.boot.SpringApplication.run(SpringApplication.java:1292)
	at com.alok.aws.s3.refresher.demo.S3RefreshPollerLibApplication.main(S3RefreshPollerLibApplication.java:19)
Caused by: java.lang.NullPointerException: null
	at com.alok.aws.s3.refresher.demo.S3RefreshPollerLibApplication.run(S3RefreshPollerLibApplication.java:26)
	at org.springframework.boot.SpringApplication.callRunner(SpringApplication.java:759)
	... 5 common frames omitted
[35m2023-10-14 16:20:12,588[0;39m [34mINFO [0;39m [[34mmain[0;39m] [33mo.s.b.StartupInfoLogger.logStarting:55[0;39m:Starting S3RefreshPollerLibApplication using Java 1.8.0_181 on MacBook-Pro.local with PID 33345 (/Users/aloksingh/git/s3-refresh-submitter-demo/target/classes started by aloksingh in /Users/aloksingh/git/s3-refresh-submitter-demo)
[35m2023-10-14 16:20:12,591[0;39m [34mINFO [0;39m [[34mmain[0;39m] [33mo.s.b.SpringApplication.logStartupProfileInfo:631[0;39m:No active profile set, falling back to 1 default profile: "default"
[35m2023-10-14 16:20:13,821[0;39m [34mINFO [0;39m [[34mmain[0;39m] [33mo.s.b.StartupInfoLogger.logStarted:61[0;39m:Started S3RefreshPollerLibApplication in 2.083 seconds (JVM running for 2.992)
[35m2023-10-14 16:20:22,800[0;39m [34mINFO [0;39m [[34mmain[0;39m] [33mc.a.a.s.r.d.S3RefreshPollerLibApplication.run:24[0;39m:Application Started!!!
[35m2023-10-14 16:20:28,270[0;39m [34mINFO [0;39m [[34mmain[0;39m] [33mo.s.b.StartupInfoLogger.logStarting:55[0;39m:Starting S3RefreshPollerLibApplication using Java 1.8.0_181 on MacBook-Pro.local with PID 33362 (/Users/aloksingh/git/s3-refresh-submitter-demo/target/classes started by aloksingh in /Users/aloksingh/git/s3-refresh-submitter-demo)
[35m2023-10-14 16:20:28,273[0;39m [34mINFO [0;39m [[34mmain[0;39m] [33mo.s.b.SpringApplication.logStartupProfileInfo:631[0;39m:No active profile set, falling back to 1 default profile: "default"
[35m2023-10-14 16:20:29,524[0;39m [34mINFO [0;39m [[34mmain[0;39m] [33mo.s.b.StartupInfoLogger.logStarted:61[0;39m:Started S3RefreshPollerLibApplication in 2.019 seconds (JVM running for 2.813)
[35m2023-10-14 16:20:29,541[0;39m [34mINFO [0;39m [[34mmain[0;39m] [33mc.a.a.s.r.d.S3RefreshPollerLibApplication.run:25[0;39m:Application Started!!!
[35m2023-10-14 16:20:29,573[0;39m [1;31mERROR[0;39m [[34mmain[0;39m] [33mo.s.b.SpringApplication.reportFailure:821[0;39m:Application run failed
java.lang.IllegalStateException: Failed to execute ApplicationRunner
	at org.springframework.boot.SpringApplication.callRunner(SpringApplication.java:762)
	at org.springframework.boot.SpringApplication.callRunners(SpringApplication.java:749)
	at org.springframework.boot.SpringApplication.run(SpringApplication.java:314)
	at org.springframework.boot.SpringApplication.run(SpringApplication.java:1303)
	at org.springframework.boot.SpringApplication.run(SpringApplication.java:1292)
	at com.alok.aws.s3.refresher.demo.S3RefreshPollerLibApplication.main(S3RefreshPollerLibApplication.java:20)
Caused by: java.lang.NullPointerException: null
	at com.alok.aws.s3.refresher.demo.submitter.S3RefreshSubmitterUser.refresh(S3RefreshSubmitterUser.java:12)
	at com.alok.aws.s3.refresher.demo.S3RefreshPollerLibApplication.run(S3RefreshPollerLibApplication.java:27)
	at org.springframework.boot.SpringApplication.callRunner(SpringApplication.java:759)
	... 5 common frames omitted
[35m2023-10-14 16:20:43,291[0;39m [34mINFO [0;39m [[34mmain[0;39m] [33mo.s.b.StartupInfoLogger.logStarting:55[0;39m:Starting S3RefreshPollerLibApplication using Java 1.8.0_181 on MacBook-Pro.local with PID 33378 (/Users/aloksingh/git/s3-refresh-submitter-demo/target/classes started by aloksingh in /Users/aloksingh/git/s3-refresh-submitter-demo)
[35m2023-10-14 16:20:43,295[0;39m [34mINFO [0;39m [[34mmain[0;39m] [33mo.s.b.SpringApplication.logStartupProfileInfo:631[0;39m:No active profile set, falling back to 1 default profile: "default"
[35m2023-10-14 16:20:44,464[0;39m [34mINFO [0;39m [[34mmain[0;39m] [33mo.s.b.StartupInfoLogger.logStarted:61[0;39m:Started S3RefreshPollerLibApplication in 2.021 seconds (JVM running for 2.911)
[35m2023-10-14 16:20:49,293[0;39m [34mINFO [0;39m [[34mmain[0;39m] [33mc.a.a.s.r.d.S3RefreshPollerLibApplication.run:25[0;39m:Application Started!!!
[35m2023-10-14 16:21:18,984[0;39m [34mINFO [0;39m [[34mmain[0;39m] [33mo.s.b.StartupInfoLogger.logStarting:55[0;39m:Starting S3RefreshPollerLibApplication using Java 1.8.0_181 on MacBook-Pro.local with PID 33422 (/Users/aloksingh/git/s3-refresh-submitter-demo/target/classes started by aloksingh in /Users/aloksingh/git/s3-refresh-submitter-demo)
[35m2023-10-14 16:21:18,988[0;39m [34mINFO [0;39m [[34mmain[0;39m] [33mo.s.b.SpringApplication.logStartupProfileInfo:631[0;39m:No active profile set, falling back to 1 default profile: "default"
[35m2023-10-14 16:21:19,953[0;39m [31mWARN [0;39m [[34mmain[0;39m] [33mo.s.c.s.AbstractApplicationContext.refresh:591[0;39m:Exception encountered during context initialization - cancelling refresh attempt: org.springframework.beans.factory.UnsatisfiedDependencyException: Error creating bean with name 's3RefreshPollerLibApplication': Unsatisfied dependency expressed through field 's3RefreshSubmitterUser'; nested exception is org.springframework.beans.factory.UnsatisfiedDependencyException: Error creating bean with name 's3RefreshSubmitterUser': Unsatisfied dependency expressed through field 's3RefreshSubmitter'; nested exception is org.springframework.beans.factory.NoSuchBeanDefinitionException: No qualifying bean of type 'com.alok.aws.s3.refresh.submitter.S3RefreshSubmitter' available: expected at least 1 bean which qualifies as autowire candidate. Dependency annotations: {@org.springframework.beans.factory.annotation.Autowired(required=true)}
[35m2023-10-14 16:21:20,012[0;39m [1;31mERROR[0;39m [[34mmain[0;39m] [33mo.s.b.d.LoggingFailureAnalysisReporter.report:40[0;39m:

***************************
APPLICATION FAILED TO START
***************************

Description:

Field s3RefreshSubmitter in com.alok.aws.s3.refresher.demo.submitter.S3RefreshSubmitterUser required a bean of type 'com.alok.aws.s3.refresh.submitter.S3RefreshSubmitter' that could not be found.

The injection point has the following annotations:
	- @org.springframework.beans.factory.annotation.Autowired(required=true)


Action:

Consider defining a bean of type 'com.alok.aws.s3.refresh.submitter.S3RefreshSubmitter' in your configuration.

[35m2023-10-14 16:51:42,500[0;39m [34mINFO [0;39m [[34mmain[0;39m] [33mo.s.b.StartupInfoLogger.logStarting:55[0;39m:Starting S3RefreshPollerLibApplication using Java 1.8.0_181 on MacBook-Pro.local with PID 34065 (/Users/aloksingh/git/s3-refresh-submitter-demo/target/classes started by aloksingh in /Users/aloksingh/git/s3-refresh-submitter-demo)
[35m2023-10-14 16:51:42,505[0;39m [34mINFO [0;39m [[34mmain[0;39m] [33mo.s.b.SpringApplication.logStartupProfileInfo:631[0;39m:No active profile set, falling back to 1 default profile: "default"
[35m2023-10-14 16:51:44,831[0;39m [34mINFO [0;39m [[34mmain[0;39m] [33mo.s.b.StartupInfoLogger.logStarted:61[0;39m:Started S3RefreshPollerLibApplication in 3.354 seconds (JVM running for 4.529)
[35m2023-10-14 16:51:44,839[0;39m [34mINFO [0;39m [[34mmain[0;39m] [33mc.a.a.s.r.d.S3RefreshPollerLibApplication.run:25[0;39m:Application Started!!!
[35m2023-10-14 16:51:44,839[0;39m [34mINFO [0;39m [[34mmain[0;39m] [33mc.a.a.s.r.s.S3RefreshSubmitter.submitRefreshServiceA:70[0;39m:submitRefreshServiceA::aws.s3.refresh.bucket-name::refresh/appA.json::1697282504
[35m2023-10-14 16:51:44,844[0;39m [34mINFO [0;39m [[34mmain[0;39m] [33mc.a.a.s.r.s.S3RefreshSubmitter.submitRefreshServiceB:75[0;39m:submitRefreshServiceB::aws.s3.refresh.bucket-name::refresh/appB.json::1697282504
[35m2023-10-14 16:52:25,146[0;39m [34mINFO [0;39m [[34mmain[0;39m] [33mo.s.b.StartupInfoLogger.logStarting:55[0;39m:Starting S3RefreshPollerLibApplication using Java 1.8.0_181 on MacBook-Pro.local with PID 34121 (/Users/aloksingh/git/s3-refresh-submitter-demo/target/classes started by aloksingh in /Users/aloksingh/git/s3-refresh-submitter-demo)
[35m2023-10-14 16:52:25,150[0;39m [34mINFO [0;39m [[34mmain[0;39m] [33mo.s.b.SpringApplication.logStartupProfileInfo:631[0;39m:No active profile set, falling back to 1 default profile: "default"
[35m2023-10-14 16:52:27,499[0;39m [34mINFO [0;39m [[34mmain[0;39m] [33mo.s.b.StartupInfoLogger.logStarted:61[0;39m:Started S3RefreshPollerLibApplication in 3.135 seconds (JVM running for 3.956)
[35m2023-10-14 16:52:27,509[0;39m [34mINFO [0;39m [[34mmain[0;39m] [33mc.a.a.s.r.d.S3RefreshPollerLibApplication.run:25[0;39m:Application Started!!!
[35m2023-10-14 16:52:27,510[0;39m [34mINFO [0;39m [[34mmain[0;39m] [33mc.a.a.s.r.s.S3RefreshSubmitter.submitRefreshServiceA:70[0;39m:submitRefreshServiceA::alok-s3-refresh::refresh/appA.json::1697282547
[35m2023-10-14 16:52:27,511[0;39m [34mINFO [0;39m [[34mmain[0;39m] [33mc.a.a.s.r.s.S3RefreshSubmitter.submitRefreshServiceB:75[0;39m:submitRefreshServiceB::alok-s3-refresh::refresh/appB.json::1697282547
[35m2023-10-14 16:57:24,406[0;39m [34mINFO [0;39m [[34mmain[0;39m] [33mo.s.b.StartupInfoLogger.logStarting:55[0;39m:Starting S3RefreshPollerLibApplication using Java 1.8.0_181 on MacBook-Pro.local with PID 34215 (/Users/aloksingh/git/s3-refresh-submitter-demo/target/classes started by aloksingh in /Users/aloksingh/git/s3-refresh-submitter-demo)
[35m2023-10-14 16:57:24,409[0;39m [34mINFO [0;39m [[34mmain[0;39m] [33mo.s.b.SpringApplication.logStartupProfileInfo:631[0;39m:No active profile set, falling back to 1 default profile: "default"
[35m2023-10-14 16:57:26,314[0;39m [31mWARN [0;39m [[34mmain[0;39m] [33mo.s.c.s.AbstractApplicationContext.refresh:591[0;39m:Exception encountered during context initialization - cancelling refresh attempt: org.springframework.beans.factory.UnsatisfiedDependencyException: Error creating bean with name 's3RefreshPollerLibApplication': Unsatisfied dependency expressed through field 's3RefreshSubmitterUser'; nested exception is org.springframework.beans.factory.UnsatisfiedDependencyException: Error creating bean with name 's3RefreshSubmitterUser': Unsatisfied dependency expressed through field 's3RefreshSubmitter'; nested exception is org.springframework.beans.factory.BeanCreationException: Error creating bean with name 's3RefreshSubmitter' defined in class path resource [com/alok/aws/s3/refresher/demo/submitter/ApplicationConfiguration.class]: Bean instantiation via factory method failed; nested exception is org.springframework.beans.BeanInstantiationException: Failed to instantiate [com.alok.aws.s3.refresh.submitter.S3RefreshSubmitter]: Factory method 's3RefreshSubmitter' threw exception; nested exception is java.lang.IllegalStateException: S3Client object must be provided
[35m2023-10-14 16:57:26,366[0;39m [1;31mERROR[0;39m [[34mmain[0;39m] [33mo.s.b.SpringApplication.reportFailure:821[0;39m:Application run failed
org.springframework.beans.factory.UnsatisfiedDependencyException: Error creating bean with name 's3RefreshPollerLibApplication': Unsatisfied dependency expressed through field 's3RefreshSubmitterUser'; nested exception is org.springframework.beans.factory.UnsatisfiedDependencyException: Error creating bean with name 's3RefreshSubmitterUser': Unsatisfied dependency expressed through field 's3RefreshSubmitter'; nested exception is org.springframework.beans.factory.BeanCreationException: Error creating bean with name 's3RefreshSubmitter' defined in class path resource [com/alok/aws/s3/refresher/demo/submitter/ApplicationConfiguration.class]: Bean instantiation via factory method failed; nested exception is org.springframework.beans.BeanInstantiationException: Failed to instantiate [com.alok.aws.s3.refresh.submitter.S3RefreshSubmitter]: Factory method 's3RefreshSubmitter' threw exception; nested exception is java.lang.IllegalStateException: S3Client object must be provided
	at org.springframework.beans.factory.annotation.AutowiredAnnotationBeanPostProcessor$AutowiredFieldElement.resolveFieldValue(AutowiredAnnotationBeanPostProcessor.java:713)
	at org.springframework.beans.factory.annotation.AutowiredAnnotationBeanPostProcessor$AutowiredFieldElement.inject(AutowiredAnnotationBeanPostProcessor.java:693)
	at org.springframework.beans.factory.annotation.InjectionMetadata.inject(InjectionMetadata.java:119)
	at org.springframework.beans.factory.annotation.AutowiredAnnotationBeanPostProcessor.postProcessProperties(AutowiredAnnotationBeanPostProcessor.java:408)
	at org.springframework.beans.factory.support.AbstractAutowireCapableBeanFactory.populateBean(AbstractAutowireCapableBeanFactory.java:1431)
	at org.springframework.beans.factory.support.AbstractAutowireCapableBeanFactory.doCreateBean(AbstractAutowireCapableBeanFactory.java:619)
	at org.springframework.beans.factory.support.AbstractAutowireCapableBeanFactory.createBean(AbstractAutowireCapableBeanFactory.java:542)
	at org.springframework.beans.factory.support.AbstractBeanFactory.lambda$doGetBean$0(AbstractBeanFactory.java:335)
	at org.springframework.beans.factory.support.DefaultSingletonBeanRegistry.getSingleton(DefaultSingletonBeanRegistry.java:234)
	at org.springframework.beans.factory.support.AbstractBeanFactory.doGetBean(AbstractBeanFactory.java:333)
	at org.springframework.beans.factory.support.AbstractBeanFactory.getBean(AbstractBeanFactory.java:208)
	at org.springframework.beans.factory.support.DefaultListableBeanFactory.preInstantiateSingletons(DefaultListableBeanFactory.java:955)
	at org.springframework.context.support.AbstractApplicationContext.finishBeanFactoryInitialization(AbstractApplicationContext.java:921)
	at org.springframework.context.support.AbstractApplicationContext.refresh(AbstractApplicationContext.java:583)
	at org.springframework.boot.SpringApplication.refresh(SpringApplication.java:731)
	at org.springframework.boot.SpringApplication.refreshContext(SpringApplication.java:408)
	at org.springframework.boot.SpringApplication.run(SpringApplication.java:307)
	at org.springframework.boot.SpringApplication.run(SpringApplication.java:1303)
	at org.springframework.boot.SpringApplication.run(SpringApplication.java:1292)
	at com.alok.aws.s3.refresher.demo.S3RefreshPollerLibApplication.main(S3RefreshPollerLibApplication.java:20)
Caused by: org.springframework.beans.factory.UnsatisfiedDependencyException: Error creating bean with name 's3RefreshSubmitterUser': Unsatisfied dependency expressed through field 's3RefreshSubmitter'; nested exception is org.springframework.beans.factory.BeanCreationException: Error creating bean with name 's3RefreshSubmitter' defined in class path resource [com/alok/aws/s3/refresher/demo/submitter/ApplicationConfiguration.class]: Bean instantiation via factory method failed; nested exception is org.springframework.beans.BeanInstantiationException: Failed to instantiate [com.alok.aws.s3.refresh.submitter.S3RefreshSubmitter]: Factory method 's3RefreshSubmitter' threw exception; nested exception is java.lang.IllegalStateException: S3Client object must be provided
	at org.springframework.beans.factory.annotation.AutowiredAnnotationBeanPostProcessor$AutowiredFieldElement.resolveFieldValue(AutowiredAnnotationBeanPostProcessor.java:713)
	at org.springframework.beans.factory.annotation.AutowiredAnnotationBeanPostProcessor$AutowiredFieldElement.inject(AutowiredAnnotationBeanPostProcessor.java:693)
	at org.springframework.beans.factory.annotation.InjectionMetadata.inject(InjectionMetadata.java:119)
	at org.springframework.beans.factory.annotation.AutowiredAnnotationBeanPostProcessor.postProcessProperties(AutowiredAnnotationBeanPostProcessor.java:408)
	at org.springframework.beans.factory.support.AbstractAutowireCapableBeanFactory.populateBean(AbstractAutowireCapableBeanFactory.java:1431)
	at org.springframework.beans.factory.support.AbstractAutowireCapableBeanFactory.doCreateBean(AbstractAutowireCapableBeanFactory.java:619)
	at org.springframework.beans.factory.support.AbstractAutowireCapableBeanFactory.createBean(AbstractAutowireCapableBeanFactory.java:542)
	at org.springframework.beans.factory.support.AbstractBeanFactory.lambda$doGetBean$0(AbstractBeanFactory.java:335)
	at org.springframework.beans.factory.support.DefaultSingletonBeanRegistry.getSingleton(DefaultSingletonBeanRegistry.java:234)
	at org.springframework.beans.factory.support.AbstractBeanFactory.doGetBean(AbstractBeanFactory.java:333)
	at org.springframework.beans.factory.support.AbstractBeanFactory.getBean(AbstractBeanFactory.java:208)
	at org.springframework.beans.factory.config.DependencyDescriptor.resolveCandidate(DependencyDescriptor.java:276)
	at org.springframework.beans.factory.support.DefaultListableBeanFactory.doResolveDependency(DefaultListableBeanFactory.java:1391)
	at org.springframework.beans.factory.support.DefaultListableBeanFactory.resolveDependency(DefaultListableBeanFactory.java:1311)
	at org.springframework.beans.factory.annotation.AutowiredAnnotationBeanPostProcessor$AutowiredFieldElement.resolveFieldValue(AutowiredAnnotationBeanPostProcessor.java:710)
	... 19 common frames omitted
Caused by: org.springframework.beans.factory.BeanCreationException: Error creating bean with name 's3RefreshSubmitter' defined in class path resource [com/alok/aws/s3/refresher/demo/submitter/ApplicationConfiguration.class]: Bean instantiation via factory method failed; nested exception is org.springframework.beans.BeanInstantiationException: Failed to instantiate [com.alok.aws.s3.refresh.submitter.S3RefreshSubmitter]: Factory method 's3RefreshSubmitter' threw exception; nested exception is java.lang.IllegalStateException: S3Client object must be provided
	at org.springframework.beans.factory.support.ConstructorResolver.instantiate(ConstructorResolver.java:653)
	at org.springframework.beans.factory.support.ConstructorResolver.instantiateUsingFactoryMethod(ConstructorResolver.java:633)
	at org.springframework.beans.factory.support.AbstractAutowireCapableBeanFactory.instantiateUsingFactoryMethod(AbstractAutowireCapableBeanFactory.java:1352)
	at org.springframework.beans.factory.support.AbstractAutowireCapableBeanFactory.createBeanInstance(AbstractAutowireCapableBeanFactory.java:1195)
	at org.springframework.beans.factory.support.AbstractAutowireCapableBeanFactory.doCreateBean(AbstractAutowireCapableBeanFactory.java:582)
	at org.springframework.beans.factory.support.AbstractAutowireCapableBeanFactory.createBean(AbstractAutowireCapableBeanFactory.java:542)
	at org.springframework.beans.factory.support.AbstractBeanFactory.lambda$doGetBean$0(AbstractBeanFactory.java:335)
	at org.springframework.beans.factory.support.DefaultSingletonBeanRegistry.getSingleton(DefaultSingletonBeanRegistry.java:234)
	at org.springframework.beans.factory.support.AbstractBeanFactory.doGetBean(AbstractBeanFactory.java:333)
	at org.springframework.beans.factory.support.AbstractBeanFactory.getBean(AbstractBeanFactory.java:208)
	at org.springframework.beans.factory.config.DependencyDescriptor.resolveCandidate(DependencyDescriptor.java:276)
	at org.springframework.beans.factory.support.DefaultListableBeanFactory.doResolveDependency(DefaultListableBeanFactory.java:1391)
	at org.springframework.beans.factory.support.DefaultListableBeanFactory.resolveDependency(DefaultListableBeanFactory.java:1311)
	at org.springframework.beans.factory.annotation.AutowiredAnnotationBeanPostProcessor$AutowiredFieldElement.resolveFieldValue(AutowiredAnnotationBeanPostProcessor.java:710)
	... 33 common frames omitted
Caused by: org.springframework.beans.BeanInstantiationException: Failed to instantiate [com.alok.aws.s3.refresh.submitter.S3RefreshSubmitter]: Factory method 's3RefreshSubmitter' threw exception; nested exception is java.lang.IllegalStateException: S3Client object must be provided
	at org.springframework.beans.factory.support.SimpleInstantiationStrategy.instantiate(SimpleInstantiationStrategy.java:185)
	at org.springframework.beans.factory.support.ConstructorResolver.instantiate(ConstructorResolver.java:648)
	... 46 common frames omitted
Caused by: java.lang.IllegalStateException: S3Client object must be provided
	at org.springframework.util.Assert.state(Assert.java:76)
	at com.alok.aws.s3.refresh.submitter.S3RefreshSubmitterBuilder.build(S3RefreshSubmitterBuilder.java:27)
	at com.alok.aws.s3.refresher.demo.submitter.ApplicationConfiguration.s3RefreshSubmitter(ApplicationConfiguration.java:19)
	at com.alok.aws.s3.refresher.demo.submitter.ApplicationConfiguration$$EnhancerBySpringCGLIB$$f59910d6.CGLIB$s3RefreshSubmitter$0(<generated>)
	at com.alok.aws.s3.refresher.demo.submitter.ApplicationConfiguration$$EnhancerBySpringCGLIB$$f59910d6$$FastClassBySpringCGLIB$$dd9f0a2c.invoke(<generated>)
	at org.springframework.cglib.proxy.MethodProxy.invokeSuper(MethodProxy.java:244)
	at org.springframework.context.annotation.ConfigurationClassEnhancer$BeanMethodInterceptor.intercept(ConfigurationClassEnhancer.java:331)
	at com.alok.aws.s3.refresher.demo.submitter.ApplicationConfiguration$$EnhancerBySpringCGLIB$$f59910d6.s3RefreshSubmitter(<generated>)
	at sun.reflect.NativeMethodAccessorImpl.invoke0(Native Method)
	at sun.reflect.NativeMethodAccessorImpl.invoke(NativeMethodAccessorImpl.java:62)
	at sun.reflect.DelegatingMethodAccessorImpl.invoke(DelegatingMethodAccessorImpl.java:43)
	at java.lang.reflect.Method.invoke(Method.java:498)
	at org.springframework.beans.factory.support.SimpleInstantiationStrategy.instantiate(SimpleInstantiationStrategy.java:154)
	... 47 common frames omitted
[35m2023-10-14 16:58:29,518[0;39m [34mINFO [0;39m [[34mmain[0;39m] [33mo.s.b.StartupInfoLogger.logStarting:55[0;39m:Starting S3RefreshPollerLibApplication using Java 1.8.0_181 on MacBook-Pro.local with PID 34242 (/Users/aloksingh/git/s3-refresh-submitter-demo/target/classes started by aloksingh in /Users/aloksingh/git/s3-refresh-submitter-demo)
[35m2023-10-14 16:58:29,521[0;39m [34mINFO [0;39m [[34mmain[0;39m] [33mo.s.b.SpringApplication.logStartupProfileInfo:631[0;39m:No active profile set, falling back to 1 default profile: "default"
[35m2023-10-14 16:58:31,722[0;39m [34mINFO [0;39m [[34mmain[0;39m] [33mo.s.b.StartupInfoLogger.logStarted:61[0;39m:Started S3RefreshPollerLibApplication in 2.987 seconds (JVM running for 3.884)
[35m2023-10-14 16:58:31,733[0;39m [34mINFO [0;39m [[34mmain[0;39m] [33mc.a.a.s.r.d.S3RefreshPollerLibApplication.run:25[0;39m:Application Started!!!
[35m2023-10-14 16:58:31,733[0;39m [34mINFO [0;39m [[34mmain[0;39m] [33mc.a.a.s.r.s.S3RefreshSubmitter.submitRefreshServiceA:70[0;39m:submitRefreshServiceA::alok-s3-refresh::refresh/appA.json::1697282911
[35m2023-10-14 16:58:31,735[0;39m [34mINFO [0;39m [[34mmain[0;39m] [33mc.a.a.s.r.s.S3RefreshSubmitter.submitRefreshServiceB:75[0;39m:submitRefreshServiceB::alok-s3-refresh::refresh/appB.json::1697282911
[35m2023-10-14 17:44:36,810[0;39m [34mINFO [0;39m [[34mmain[0;39m] [33mo.s.b.StartupInfoLogger.logStarting:55[0;39m:Starting S3RefreshPollerLibApplication using Java 1.8.0_181 on MacBook-Pro.local with PID 35164 (/Users/aloksingh/git/s3-refresh-submitter-demo/target/classes started by aloksingh in /Users/aloksingh/git/s3-refresh-submitter-demo)
[35m2023-10-14 17:44:36,818[0;39m [34mINFO [0;39m [[34mmain[0;39m] [33mo.s.b.SpringApplication.logStartupProfileInfo:631[0;39m:No active profile set, falling back to 1 default profile: "default"
[35m2023-10-14 17:44:39,116[0;39m [34mINFO [0;39m [[34mmain[0;39m] [33mo.s.b.StartupInfoLogger.logStarted:61[0;39m:Started S3RefreshPollerLibApplication in 3.196 seconds (JVM running for 4.305)
[35m2023-10-14 17:44:39,123[0;39m [34mINFO [0;39m [[34mmain[0;39m] [33mc.a.a.s.r.d.S3RefreshPollerLibApplication.run:25[0;39m:Application Started!!!
[35m2023-10-14 17:44:39,123[0;39m [34mINFO [0;39m [[34mmain[0;39m] [33mc.a.a.s.r.s.S3RefreshSubmitter.submitRefreshServiceA:70[0;39m:submitRefreshServiceA::alok-s3-refresh::refresh/appA.json::1697285679
[35m2023-10-14 17:44:39,125[0;39m [34mINFO [0;39m [[34mmain[0;39m] [33mc.a.a.s.r.s.S3RefreshSubmitter.submitRefreshServiceB:75[0;39m:submitRefreshServiceB::alok-s3-refresh::refresh/appB.json::1697285679
[35m2023-10-14 18:17:45,865[0;39m [34mINFO [0;39m [[34mmain[0;39m] [33mo.s.b.StartupInfoLogger.logStarting:55[0;39m:Starting S3RefreshPollerLibApplication using Java 1.8.0_181 on MacBook-Pro.local with PID 36021 (/Users/aloksingh/git/s3-refresh-submitter-demo/target/classes started by aloksingh in /Users/aloksingh/git/s3-refresh-submitter-demo)
[35m2023-10-14 18:17:45,868[0;39m [34mINFO [0;39m [[34mmain[0;39m] [33mo.s.b.SpringApplication.logStartupProfileInfo:631[0;39m:No active profile set, falling back to 1 default profile: "default"
[35m2023-10-14 18:17:48,064[0;39m [34mINFO [0;39m [[34mmain[0;39m] [33mo.s.b.StartupInfoLogger.logStarted:61[0;39m:Started S3RefreshPollerLibApplication in 3.002 seconds (JVM running for 3.827)
[35m2023-10-14 18:17:48,074[0;39m [34mINFO [0;39m [[34mmain[0;39m] [33mc.a.a.s.r.d.S3RefreshPollerLibApplication.run:25[0;39m:Application Started!!!
[35m2023-10-14 18:17:48,075[0;39m [34mINFO [0;39m [[34mmain[0;39m] [33mc.a.a.s.r.s.S3RefreshSubmitter.submitRefreshServiceA:70[0;39m:submitRefreshServiceA::alok-s3-refresh::refresh/appA.json::1697287668
[35m2023-10-14 18:17:48,077[0;39m [34mINFO [0;39m [[34mmain[0;39m] [33mc.a.a.s.r.s.S3RefreshSubmitter.submitRefreshServiceB:75[0;39m:submitRefreshServiceB::alok-s3-refresh::refresh/appB.json::1697287668
[35m2023-10-14 19:56:43,199[0;39m [34mINFO [0;39m [[34mmain[0;39m] [33mo.s.b.StartupInfoLogger.logStarting:55[0;39m:Starting S3RefreshPollerLibApplication using Java 1.8.0_181 on MacBook-Pro.local with PID 39226 (/Users/aloksingh/git/s3-refresh-submitter-demo/target/classes started by aloksingh in /Users/aloksingh/git/s3-refresh-submitter-demo)
[35m2023-10-14 19:56:43,203[0;39m [34mINFO [0;39m [[34mmain[0;39m] [33mo.s.b.SpringApplication.logStartupProfileInfo:631[0;39m:No active profile set, falling back to 1 default profile: "default"
[35m2023-10-14 19:56:45,462[0;39m [34mINFO [0;39m [[34mmain[0;39m] [33mo.s.b.StartupInfoLogger.logStarted:61[0;39m:Started S3RefreshPollerLibApplication in 3.065 seconds (JVM running for 3.935)
[35m2023-10-14 19:56:45,469[0;39m [34mINFO [0;39m [[34mmain[0;39m] [33mc.a.a.s.r.d.S3RefreshPollerLibApplication.run:25[0;39m:Application Started!!!
[35m2023-10-14 19:56:45,470[0;39m [34mINFO [0;39m [[34mmain[0;39m] [33mc.a.a.s.r.s.S3RefreshSubmitter.submitRefreshServiceA:74[0;39m:submitRefreshServiceA::alok-s3-refresh::refresh/appA.json::1697293605
[35m2023-10-14 19:56:46,296[0;39m [34mINFO [0;39m [[34mmain[0;39m] [33mc.a.a.s.r.s.S3RefreshSubmitter.submitRefreshServiceB:90[0;39m:submitRefreshServiceB::alok-s3-refresh::refresh/appB.json::1697293605
[35m2023-10-14 20:06:45,310[0;39m [34mINFO [0;39m [[34mmain[0;39m] [33mo.s.b.StartupInfoLogger.logStarting:55[0;39m:Starting S3RefreshPollerLibApplication using Java 1.8.0_181 on MacBook-Pro.local with PID 40402 (/Users/aloksingh/git/s3-refresh-submitter-demo/target/classes started by aloksingh in /Users/aloksingh/git/s3-refresh-submitter-demo)
[35m2023-10-14 20:06:45,313[0;39m [34mINFO [0;39m [[34mmain[0;39m] [33mo.s.b.SpringApplication.logStartupProfileInfo:631[0;39m:No active profile set, falling back to 1 default profile: "default"
[35m2023-10-14 20:06:47,516[0;39m [34mINFO [0;39m [[34mmain[0;39m] [33mo.s.b.StartupInfoLogger.logStarted:61[0;39m:Started S3RefreshPollerLibApplication in 2.984 seconds (JVM running for 3.91)
[35m2023-10-14 20:06:47,525[0;39m [34mINFO [0;39m [[34mmain[0;39m] [33mc.a.a.s.r.d.S3RefreshPollerLibApplication.run:25[0;39m:Application Started!!!
[35m2023-10-14 20:06:47,526[0;39m [34mINFO [0;39m [[34mmain[0;39m] [33mc.a.a.s.r.s.S3RefreshSubmitter.submitRefreshServiceA:74[0;39m:submitRefreshServiceA::alok-s3-refresh::refresh/appA.json::1697294207
[35m2023-10-14 20:06:48,261[0;39m [34mINFO [0;39m [[34mmain[0;39m] [33mc.a.a.s.r.s.S3RefreshSubmitter.submitRefreshServiceB:90[0;39m:submitRefreshServiceB::alok-s3-refresh::refresh/appB.json::1697294207
[35m2023-10-14 20:10:03,374[0;39m [34mINFO [0;39m [[34mmain[0;39m] [33mo.s.b.StartupInfoLogger.logStarting:55[0;39m:Starting S3RefreshPollerLibApplication using Java 1.8.0_181 on MacBook-Pro.local with PID 40525 (/Users/aloksingh/git/s3-refresh-submitter-demo/target/classes started by aloksingh in /Users/aloksingh/git/s3-refresh-submitter-demo)
[35m2023-10-14 20:10:03,377[0;39m [34mINFO [0;39m [[34mmain[0;39m] [33mo.s.b.SpringApplication.logStartupProfileInfo:631[0;39m:No active profile set, falling back to 1 default profile: "default"
[35m2023-10-14 20:10:05,616[0;39m [34mINFO [0;39m [[34mmain[0;39m] [33mo.s.b.StartupInfoLogger.logStarted:61[0;39m:Started S3RefreshPollerLibApplication in 3.03 seconds (JVM running for 3.919)
[35m2023-10-14 20:10:05,626[0;39m [34mINFO [0;39m [[34mmain[0;39m] [33mc.a.a.s.r.d.S3RefreshPollerLibApplication.run:25[0;39m:Application Started!!!
[35m2023-10-14 20:10:05,627[0;39m [34mINFO [0;39m [[34mmain[0;39m] [33mc.a.a.s.r.s.S3RefreshSubmitter.submitRefreshServiceA:74[0;39m:submitRefreshServiceA::alok-s3-refresh::refresh/appA.json::1697294405
[35m2023-10-14 20:10:06,381[0;39m [34mINFO [0;39m [[34mmain[0;39m] [33mc.a.a.s.r.s.S3RefreshSubmitter.submitRefreshServiceB:86[0;39m:submitRefreshServiceB::alok-s3-refresh::refresh/appB.json::1697294405
[35m2023-10-14 20:21:33,609[0;39m [34mINFO [0;39m [[34mmain[0;39m] [33mo.s.b.StartupInfoLogger.logStarting:55[0;39m:Starting S3RefreshPollerLibApplication using Java 1.8.0_181 on MacBook-Pro.local with PID 40771 (/Users/aloksingh/git/s3-refresh-submitter-demo/target/classes started by aloksingh in /Users/aloksingh/git/s3-refresh-submitter-demo)
[35m2023-10-14 20:21:33,625[0;39m [34mINFO [0;39m [[34mmain[0;39m] [33mo.s.b.SpringApplication.logStartupProfileInfo:631[0;39m:No active profile set, falling back to 1 default profile: "default"
[35m2023-10-14 20:21:37,608[0;39m [31mWARN [0;39m [[34mmain[0;39m] [33mo.s.c.s.AbstractApplicationContext.refresh:591[0;39m:Exception encountered during context initialization - cancelling refresh attempt: org.springframework.context.ApplicationContextException: Failed to start bean 'webServerStartStop'; nested exception is org.springframework.boot.web.server.PortInUseException: Port 8080 is already in use
[35m2023-10-14 20:21:37,670[0;39m [1;31mERROR[0;39m [[34mmain[0;39m] [33mo.s.b.d.LoggingFailureAnalysisReporter.report:40[0;39m:

***************************
APPLICATION FAILED TO START
***************************

Description:

Web server failed to start. Port 8080 was already in use.

Action:

Identify and stop the process that's listening on port 8080 or configure this application to listen on another port.

[35m2023-10-14 20:22:22,308[0;39m [34mINFO [0;39m [[34mmain[0;39m] [33mo.s.b.StartupInfoLogger.logStarting:55[0;39m:Starting S3RefreshPollerLibApplication using Java 1.8.0_181 on MacBook-Pro.local with PID 40806 (/Users/aloksingh/git/s3-refresh-submitter-demo/target/classes started by aloksingh in /Users/aloksingh/git/s3-refresh-submitter-demo)
[35m2023-10-14 20:22:22,314[0;39m [34mINFO [0;39m [[34mmain[0;39m] [33mo.s.b.SpringApplication.logStartupProfileInfo:631[0;39m:No active profile set, falling back to 1 default profile: "default"
[35m2023-10-14 20:22:26,386[0;39m [34mINFO [0;39m [[34mmain[0;39m] [33mo.s.b.StartupInfoLogger.logStarted:61[0;39m:Started S3RefreshPollerLibApplication in 5.012 seconds (JVM running for 5.854)
[35m2023-10-14 20:22:26,393[0;39m [34mINFO [0;39m [[34mmain[0;39m] [33mc.a.a.s.r.d.S3RefreshPollerLibApplication.run:25[0;39m:Application Started!!!
[35m2023-10-14 20:22:26,394[0;39m [34mINFO [0;39m [[34mmain[0;39m] [33mc.a.a.s.r.s.S3RefreshSubmitter.submitRefreshServiceA:73[0;39m:submitRefreshServiceA::alok-s3-refresh::refresh/appA.json::1697295146
[35m2023-10-14 20:22:27,081[0;39m [34mINFO [0;39m [[34mmain[0;39m] [33mc.a.a.s.r.s.S3RefreshSubmitter.submitRefreshServiceB:85[0;39m:submitRefreshServiceB::alok-s3-refresh::refresh/appB.json::1697295146
[35m2023-10-14 20:23:41,251[0;39m [34mINFO [0;39m [[34mhttp-nio-8099-exec-1[0;39m] [33mc.a.a.s.r.s.S3RefreshSubmitter.submitRefreshServiceA:73[0;39m:submitRefreshServiceA::alok-s3-refresh::refresh/appA.json::1697295221
[35m2023-10-14 20:23:41,544[0;39m [34mINFO [0;39m [[34mhttp-nio-8099-exec-1[0;39m] [33mc.a.a.s.r.s.S3RefreshSubmitter.submitRefreshServiceB:85[0;39m:submitRefreshServiceB::alok-s3-refresh::refresh/appB.json::1697295221
[35m2023-10-14 20:23:57,600[0;39m [34mINFO [0;39m [[34mhttp-nio-8099-exec-2[0;39m] [33mc.a.a.s.r.s.S3RefreshSubmitter.submitRefreshServiceA:73[0;39m:submitRefreshServiceA::alok-s3-refresh::refresh/appA.json::1697295237
[35m2023-10-14 20:24:25,689[0;39m [34mINFO [0;39m [[34mhttp-nio-8099-exec-3[0;39m] [33mc.a.a.s.r.s.S3RefreshSubmitter.submitRefreshServiceB:85[0;39m:submitRefreshServiceB::alok-s3-refresh::refresh/appB.json::1697295265
[35m2023-10-14 22:17:29,533[0;39m [34mINFO [0;39m [[34mmain[0;39m] [33mo.s.b.StartupInfoLogger.logStarting:55[0;39m:Starting S3RefreshPollerLibApplication using Java 1.8.0_181 on MacBook-Pro.local with PID 43515 (/Users/aloksingh/git/s3-refresh-submitter-demo/target/classes started by aloksingh in /Users/aloksingh/git/s3-refresh-submitter-demo)
[35m2023-10-14 22:17:29,537[0;39m [34mINFO [0;39m [[34mmain[0;39m] [33mo.s.b.SpringApplication.logStartupProfileInfo:631[0;39m:No active profile set, falling back to 1 default profile: "default"
[35m2023-10-14 22:17:34,246[0;39m [34mINFO [0;39m [[34mmain[0;39m] [33mo.s.b.StartupInfoLogger.logStarted:61[0;39m:Started S3RefreshPollerLibApplication in 5.62 seconds (JVM running for 6.566)
[35m2023-10-14 22:17:34,255[0;39m [34mINFO [0;39m [[34mmain[0;39m] [33mc.a.a.s.r.d.S3RefreshPollerLibApplication.run:25[0;39m:Application Started!!!
[35m2023-10-14 22:17:34,256[0;39m [34mINFO [0;39m [[34mmain[0;39m] [33mc.a.a.s.r.s.S3RefreshSubmitter.submitRefreshServiceA:73[0;39m:submitRefreshServiceA::alok-s3-refresh::refresh/appA.json::1697302054
[35m2023-10-14 22:17:34,973[0;39m [34mINFO [0;39m [[34mmain[0;39m] [33mc.a.a.s.r.s.S3RefreshSubmitter.submitRefreshServiceB:85[0;39m:submitRefreshServiceB::alok-s3-refresh::refresh/appB.json::1697302054
[35m2023-10-14 22:18:58,008[0;39m [34mINFO [0;39m [[34mhttp-nio-8099-exec-1[0;39m] [33mc.a.a.s.r.s.S3RefreshSubmitter.submitRefreshServiceB:85[0;39m:submitRefreshServiceB::alok-s3-refresh::refresh/appB.json::1697302138
[35m2023-10-14 22:19:26,188[0;39m [34mINFO [0;39m [[34mhttp-nio-8099-exec-2[0;39m] [33mc.a.a.s.r.s.S3RefreshSubmitter.submitRefreshServiceA:73[0;39m:submitRefreshServiceA::alok-s3-refresh::refresh/appA.json::1697302166
