[35m2023-10-15 09:05:42,322[0;39m [34mINFO [0;39m [[34mmain[0;39m] [33mo.s.b.StartupInfoLogger.logStarting:55[0;39m:Starting S3RefreshPollerLibApplication using Java 1.8.0_181 on MacBook-Pro.local with PID 45133 (/Users/aloksingh/git/s3-refresh-submitter-demo/target/classes started by aloksingh in /Users/aloksingh/git/s3-refresh-submitter-demo)
[35m2023-10-15 09:05:42,328[0;39m [34mINFO [0;39m [[34mmain[0;39m] [33mo.s.b.SpringApplication.logStartupProfileInfo:631[0;39m:No active profile set, falling back to 1 default profile: "default"
[35m2023-10-15 09:05:46,860[0;39m [34mINFO [0;39m [[34mmain[0;39m] [33mo.s.b.StartupInfoLogger.logStarted:61[0;39m:Started S3RefreshPollerLibApplication in 5.498 seconds (JVM running for 6.362)
[35m2023-10-15 09:05:46,868[0;39m [34mINFO [0;39m [[34mmain[0;39m] [33mc.a.a.s.r.d.S3RefreshPollerLibApplication.run:25[0;39m:Application Started!!!
[35m2023-10-15 09:05:46,869[0;39m [34mINFO [0;39m [[34mmain[0;39m] [33mc.a.a.s.r.s.S3RefreshSubmitter.submitRefreshServiceA:75[0;39m:submitRefreshServiceA::alok-s3-refresh::refresh/appA.json::1697340946
[35m2023-10-15 09:05:47,521[0;39m [34mINFO [0;39m [[34mmain[0;39m] [33mc.a.a.s.r.s.S3RefreshSubmitter.submitRefreshServiceB:87[0;39m:submitRefreshServiceB::alok-s3-refresh::refresh/appB.json::1697340946
[35m2023-10-15 09:17:00,846[0;39m [34mINFO [0;39m [[34mmain[0;39m] [33mo.s.b.StartupInfoLogger.logStarting:55[0;39m:Starting S3RefreshPollerLibApplication using Java 1.8.0_181 on MacBook-Pro.local with PID 45677 (/Users/aloksingh/git/s3-refresh-submitter-demo/target/classes started by aloksingh in /Users/aloksingh/git/s3-refresh-submitter-demo)
[35m2023-10-15 09:17:00,853[0;39m [34mINFO [0;39m [[34mmain[0;39m] [33mo.s.b.SpringApplication.logStartupProfileInfo:631[0;39m:No active profile set, falling back to 1 default profile: "default"
[35m2023-10-15 09:17:04,883[0;39m [34mINFO [0;39m [[34mmain[0;39m] [33mo.s.b.StartupInfoLogger.logStarted:61[0;39m:Started S3RefreshPollerLibApplication in 4.957 seconds (JVM running for 5.768)
[35m2023-10-15 09:17:04,894[0;39m [34mINFO [0;39m [[34mmain[0;39m] [33mc.a.a.s.r.d.S3RefreshPollerLibApplication.run:25[0;39m:Application Started!!!
[35m2023-10-15 09:17:04,896[0;39m [34mINFO [0;39m [[34mmain[0;39m] [33mc.a.a.s.r.s.S3RefreshSubmitter.submitRefresh:69[0;39m:submitRefreshService::APPA::alok-s3-refresh::1697341624
[35m2023-10-15 09:17:05,537[0;39m [34mINFO [0;39m [[34mmain[0;39m] [33mc.a.a.s.r.s.S3RefreshSubmitter.submitRefresh:69[0;39m:submitRefreshService::APPB::alok-s3-refresh::1697341624
[35m2023-10-15 09:26:17,910[0;39m [34mINFO [0;39m [[34mmain[0;39m] [33mo.s.b.StartupInfoLogger.logStarting:55[0;39m:Starting S3RefreshPollerLibApplication using Java 1.8.0_181 on MacBook-Pro.local with PID 45985 (/Users/aloksingh/git/s3-refresh-submitter-demo/target/classes started by aloksingh in /Users/aloksingh/git/s3-refresh-submitter-demo)
[35m2023-10-15 09:26:17,914[0;39m [34mINFO [0;39m [[34mmain[0;39m] [33mo.s.b.SpringApplication.logStartupProfileInfo:631[0;39m:No active profile set, falling back to 1 default profile: "default"
[35m2023-10-15 09:26:22,066[0;39m [34mINFO [0;39m [[34mmain[0;39m] [33mo.s.b.StartupInfoLogger.logStarted:61[0;39m:Started S3RefreshPollerLibApplication in 5.033 seconds (JVM running for 5.837)
[35m2023-10-15 09:26:22,079[0;39m [34mINFO [0;39m [[34mmain[0;39m] [33mc.a.a.s.r.d.S3RefreshPollerLibApplication.run:25[0;39m:Application Started!!!
[35m2023-10-15 09:26:22,080[0;39m [34mINFO [0;39m [[34mmain[0;39m] [33mc.a.a.s.r.s.S3RefreshSubmitter.submitRefresh:69[0;39m:submitRefreshService::APPA::null::1697342182
[35m2023-10-15 09:26:22,191[0;39m [1;31mERROR[0;39m [[34mmain[0;39m] [33mo.s.b.SpringApplication.reportFailure:821[0;39m:Application run failed
java.lang.IllegalStateException: Failed to execute ApplicationRunner
	at org.springframework.boot.SpringApplication.callRunner(SpringApplication.java:762)
	at org.springframework.boot.SpringApplication.callRunners(SpringApplication.java:749)
	at org.springframework.boot.SpringApplication.run(SpringApplication.java:314)
	at org.springframework.boot.SpringApplication.run(SpringApplication.java:1303)
	at org.springframework.boot.SpringApplication.run(SpringApplication.java:1292)
	at com.alok.aws.s3.refresher.demo.S3RefreshPollerLibApplication.main(S3RefreshPollerLibApplication.java:20)
Caused by: software.amazon.awssdk.core.exception.SdkClientException: Unable to marshall request to JSON: Parameter 'Bucket' must not be null
	at software.amazon.awssdk.core.exception.SdkClientException$BuilderImpl.build(SdkClientException.java:98)
	at software.amazon.awssdk.services.s3.transform.PutObjectRequestMarshaller.marshall(PutObjectRequestMarshaller.java:53)
	at software.amazon.awssdk.services.s3.transform.PutObjectRequestMarshaller.marshall(PutObjectRequestMarshaller.java:31)
	at software.amazon.awssdk.core.runtime.transform.StreamingRequestMarshaller.marshall(StreamingRequestMarshaller.java:48)
	at software.amazon.awssdk.core.internal.handler.BaseClientHandler.lambda$finalizeSdkHttpFullRequest$0(BaseClientHandler.java:78)
	at software.amazon.awssdk.core.internal.util.MetricUtils.measureDuration(MetricUtils.java:51)
	at software.amazon.awssdk.core.internal.handler.BaseClientHandler.finalizeSdkHttpFullRequest(BaseClientHandler.java:77)
	at software.amazon.awssdk.core.internal.handler.BaseSyncClientHandler.doExecute(BaseSyncClientHandler.java:143)
	at software.amazon.awssdk.core.internal.handler.BaseSyncClientHandler.lambda$execute$1(BaseSyncClientHandler.java:112)
	at software.amazon.awssdk.core.internal.handler.BaseSyncClientHandler.measureApiCallSuccess(BaseSyncClientHandler.java:167)
	at software.amazon.awssdk.core.internal.handler.BaseSyncClientHandler.execute(BaseSyncClientHandler.java:94)
	at software.amazon.awssdk.core.client.handler.SdkSyncClientHandler.execute(SdkSyncClientHandler.java:45)
	at software.amazon.awssdk.awscore.client.handler.AwsSyncClientHandler.execute(AwsSyncClientHandler.java:55)
	at software.amazon.awssdk.services.s3.DefaultS3Client.putObject(DefaultS3Client.java:8655)
	at com.alok.aws.s3.refresh.submitter.S3RefreshSubmitter.submitRefresh(S3RefreshSubmitter.java:72)
	at com.alok.aws.s3.refresh.submitter.S3RefreshSubmitter.submitRefresh(S3RefreshSubmitter.java:64)
	at com.alok.aws.s3.refresher.demo.submitter.S3RefreshSubmitterUser.refresh(S3RefreshSubmitterUser.java:14)
	at com.alok.aws.s3.refresher.demo.S3RefreshPollerLibApplication.run(S3RefreshPollerLibApplication.java:27)
	at org.springframework.boot.SpringApplication.callRunner(SpringApplication.java:759)
	... 5 common frames omitted
Caused by: java.lang.IllegalArgumentException: Parameter 'Bucket' must not be null
	at software.amazon.awssdk.protocols.xml.internal.marshall.SimpleTypePathMarshaller.lambda$static$0(SimpleTypePathMarshaller.java:43)
	at software.amazon.awssdk.protocols.xml.internal.marshall.XmlProtocolMarshaller.doMarshall(XmlProtocolMarshaller.java:104)
	at software.amazon.awssdk.protocols.xml.internal.marshall.XmlProtocolMarshaller.marshall(XmlProtocolMarshaller.java:80)
	at software.amazon.awssdk.protocols.xml.internal.marshall.XmlProtocolMarshaller.marshall(XmlProtocolMarshaller.java:49)
	at software.amazon.awssdk.services.s3.transform.PutObjectRequestMarshaller.marshall(PutObjectRequestMarshaller.java:51)
	... 22 common frames omitted
[35m2023-10-15 09:27:27,341[0;39m [34mINFO [0;39m [[34mmain[0;39m] [33mo.s.b.StartupInfoLogger.logStarting:55[0;39m:Starting S3RefreshPollerLibApplication using Java 1.8.0_181 on MacBook-Pro.local with PID 46003 (/Users/aloksingh/git/s3-refresh-submitter-demo/target/classes started by aloksingh in /Users/aloksingh/git/s3-refresh-submitter-demo)
[35m2023-10-15 09:27:27,347[0;39m [34mINFO [0;39m [[34mmain[0;39m] [33mo.s.b.SpringApplication.logStartupProfileInfo:631[0;39m:No active profile set, falling back to 1 default profile: "default"
[35m2023-10-15 09:27:31,683[0;39m [34mINFO [0;39m [[34mmain[0;39m] [33mo.s.b.StartupInfoLogger.logStarted:61[0;39m:Started S3RefreshPollerLibApplication in 5.233 seconds (JVM running for 6.042)
[35m2023-10-15 09:27:31,692[0;39m [34mINFO [0;39m [[34mmain[0;39m] [33mc.a.a.s.r.d.S3RefreshPollerLibApplication.run:25[0;39m:Application Started!!!
[35m2023-10-15 09:27:31,693[0;39m [34mINFO [0;39m [[34mmain[0;39m] [33mc.a.a.s.r.s.S3RefreshSubmitter.submitRefresh:69[0;39m:submitRefreshService::APPA::alok-s3-refresh::1697342251
[35m2023-10-15 09:27:32,301[0;39m [34mINFO [0;39m [[34mmain[0;39m] [33mc.a.a.s.r.s.S3RefreshSubmitter.submitRefresh:69[0;39m:submitRefreshService::APPB::alok-s3-refresh::1697342251
[35m2023-10-15 09:43:56,247[0;39m [34mINFO [0;39m [[34mmain[0;39m] [33mo.s.b.StartupInfoLogger.logStarting:55[0;39m:Starting S3RefreshPollerLibApplication using Java 1.8.0_181 on MacBook-Pro.local with PID 46383 (/Users/aloksingh/git/s3-refresh-submitter-demo/target/classes started by aloksingh in /Users/aloksingh/git/s3-refresh-submitter-demo)
[35m2023-10-15 09:43:56,251[0;39m [34mINFO [0;39m [[34mmain[0;39m] [33mo.s.b.SpringApplication.logStartupProfileInfo:631[0;39m:No active profile set, falling back to 1 default profile: "default"
[35m2023-10-15 09:44:00,134[0;39m [34mINFO [0;39m [[34mmain[0;39m] [33mo.s.b.StartupInfoLogger.logStarted:61[0;39m:Started S3RefreshPollerLibApplication in 4.771 seconds (JVM running for 5.618)
[35m2023-10-15 09:44:00,141[0;39m [34mINFO [0;39m [[34mmain[0;39m] [33mc.a.a.s.r.d.S3RefreshPollerLibApplication.run:25[0;39m:Application Started!!!
[35m2023-10-15 09:44:00,142[0;39m [34mINFO [0;39m [[34mmain[0;39m] [33mc.a.a.s.r.s.S3RefreshSubmitter.submitRefresh:69[0;39m:submitRefreshService::APPA::alok-s3-refresh::1697343240
[35m2023-10-15 09:44:00,760[0;39m [34mINFO [0;39m [[34mmain[0;39m] [33mc.a.a.s.r.s.S3RefreshSubmitter.submitRefresh:69[0;39m:submitRefreshService::APPB::alok-s3-refresh::1697343240
[35m2023-10-15 09:44:16,083[0;39m [34mINFO [0;39m [[34mmain[0;39m] [33mo.s.b.StartupInfoLogger.logStarting:55[0;39m:Starting S3RefreshPollerLibApplication using Java 1.8.0_181 on MacBook-Pro.local with PID 46423 (/Users/aloksingh/git/s3-refresh-submitter-demo/target/classes started by aloksingh in /Users/aloksingh/git/s3-refresh-submitter-demo)
[35m2023-10-15 09:44:16,088[0;39m [34mINFO [0;39m [[34mmain[0;39m] [33mo.s.b.SpringApplication.logStartupProfileInfo:631[0;39m:No active profile set, falling back to 1 default profile: "default"
[35m2023-10-15 09:44:19,451[0;39m [31mWARN [0;39m [[34mmain[0;39m] [33mo.s.c.s.AbstractApplicationContext.refresh:591[0;39m:Exception encountered during context initialization - cancelling refresh attempt: org.springframework.beans.factory.UnsatisfiedDependencyException: Error creating bean with name 's3RefreshPollerLibApplication': Unsatisfied dependency expressed through field 's3RefreshSubmitterUser'; nested exception is org.springframework.beans.factory.UnsatisfiedDependencyException: Error creating bean with name 's3RefreshSubmitterUser': Unsatisfied dependency expressed through field 's3RefreshSubmitter'; nested exception is org.springframework.beans.factory.BeanCreationException: Error creating bean with name 's3RefreshSubmitter' defined in class path resource [com/alok/aws/s3/refresher/demo/submitter/ApplicationConfiguration.class]: Bean instantiation via factory method failed; nested exception is org.springframework.beans.BeanInstantiationException: Failed to instantiate [com.alok.aws.s3.refresh.submitter.S3RefreshSubmitter]: Factory method 's3RefreshSubmitter' threw exception; nested exception is java.lang.AssertionError: bucket name must be set
[35m2023-10-15 09:44:19,518[0;39m [1;31mERROR[0;39m [[34mmain[0;39m] [33mo.s.b.SpringApplication.reportFailure:821[0;39m:Application run failed
org.springframework.beans.factory.UnsatisfiedDependencyException: Error creating bean with name 's3RefreshPollerLibApplication': Unsatisfied dependency expressed through field 's3RefreshSubmitterUser'; nested exception is org.springframework.beans.factory.UnsatisfiedDependencyException: Error creating bean with name 's3RefreshSubmitterUser': Unsatisfied dependency expressed through field 's3RefreshSubmitter'; nested exception is org.springframework.beans.factory.BeanCreationException: Error creating bean with name 's3RefreshSubmitter' defined in class path resource [com/alok/aws/s3/refresher/demo/submitter/ApplicationConfiguration.class]: Bean instantiation via factory method failed; nested exception is org.springframework.beans.BeanInstantiationException: Failed to instantiate [com.alok.aws.s3.refresh.submitter.S3RefreshSubmitter]: Factory method 's3RefreshSubmitter' threw exception; nested exception is java.lang.AssertionError: bucket name must be set
	at org.springframework.beans.factory.annotation.AutowiredAnnotationBeanPostProcessor$AutowiredFieldElement.resolveFieldValue(AutowiredAnnotationBeanPostProcessor.java:713)
	at org.springframework.beans.factory.annotation.AutowiredAnnotationBeanPostProcessor$AutowiredFieldElement.inject(AutowiredAnnotationBeanPostProcessor.java:693)
	at org.springframework.beans.factory.annotation.InjectionMetadata.inject(InjectionMetadata.java:119)
	at org.springframework.beans.factory.annotation.AutowiredAnnotationBeanPostProcessor.postProcessProperties(AutowiredAnnotationBeanPostProcessor.java:408)
	at org.springframework.beans.factory.support.AbstractAutowireCapableBeanFactory.populateBean(AbstractAutowireCapableBeanFactory.java:1431)
	at org.springframework.beans.factory.support.AbstractAutowireCapableBeanFactory.doCreateBean(AbstractAutowireCapableBeanFactory.java:619)
	at org.springframework.beans.factory.support.AbstractAutowireCapableBeanFactory.createBean(AbstractAutowireCapableBeanFactory.java:542)
	at org.springframework.beans.factory.support.AbstractBeanFactory.lambda$doGetBean$0(AbstractBeanFactory.java:335)
	at org.springframework.beans.factory.support.DefaultSingletonBeanRegistry.getSingleton(DefaultSingletonBeanRegistry.java:234)
	at org.springframework.beans.factory.support.AbstractBeanFactory.doGetBean(AbstractBeanFactory.java:333)
	at org.springframework.beans.factory.support.AbstractBeanFactory.getBean(AbstractBeanFactory.java:208)
	at org.springframework.beans.factory.support.DefaultListableBeanFactory.preInstantiateSingletons(DefaultListableBeanFactory.java:955)
	at org.springframework.context.support.AbstractApplicationContext.finishBeanFactoryInitialization(AbstractApplicationContext.java:921)
	at org.springframework.context.support.AbstractApplicationContext.refresh(AbstractApplicationContext.java:583)
	at org.springframework.boot.web.servlet.context.ServletWebServerApplicationContext.refresh(ServletWebServerApplicationContext.java:147)
	at org.springframework.boot.SpringApplication.refresh(SpringApplication.java:731)
	at org.springframework.boot.SpringApplication.refreshContext(SpringApplication.java:408)
	at org.springframework.boot.SpringApplication.run(SpringApplication.java:307)
	at org.springframework.boot.SpringApplication.run(SpringApplication.java:1303)
	at org.springframework.boot.SpringApplication.run(SpringApplication.java:1292)
	at com.alok.aws.s3.refresher.demo.S3RefreshPollerLibApplication.main(S3RefreshPollerLibApplication.java:20)
Caused by: org.springframework.beans.factory.UnsatisfiedDependencyException: Error creating bean with name 's3RefreshSubmitterUser': Unsatisfied dependency expressed through field 's3RefreshSubmitter'; nested exception is org.springframework.beans.factory.BeanCreationException: Error creating bean with name 's3RefreshSubmitter' defined in class path resource [com/alok/aws/s3/refresher/demo/submitter/ApplicationConfiguration.class]: Bean instantiation via factory method failed; nested exception is org.springframework.beans.BeanInstantiationException: Failed to instantiate [com.alok.aws.s3.refresh.submitter.S3RefreshSubmitter]: Factory method 's3RefreshSubmitter' threw exception; nested exception is java.lang.AssertionError: bucket name must be set
	at org.springframework.beans.factory.annotation.AutowiredAnnotationBeanPostProcessor$AutowiredFieldElement.resolveFieldValue(AutowiredAnnotationBeanPostProcessor.java:713)
	at org.springframework.beans.factory.annotation.AutowiredAnnotationBeanPostProcessor$AutowiredFieldElement.inject(AutowiredAnnotationBeanPostProcessor.java:693)
	at org.springframework.beans.factory.annotation.InjectionMetadata.inject(InjectionMetadata.java:119)
	at org.springframework.beans.factory.annotation.AutowiredAnnotationBeanPostProcessor.postProcessProperties(AutowiredAnnotationBeanPostProcessor.java:408)
	at org.springframework.beans.factory.support.AbstractAutowireCapableBeanFactory.populateBean(AbstractAutowireCapableBeanFactory.java:1431)
	at org.springframework.beans.factory.support.AbstractAutowireCapableBeanFactory.doCreateBean(AbstractAutowireCapableBeanFactory.java:619)
	at org.springframework.beans.factory.support.AbstractAutowireCapableBeanFactory.createBean(AbstractAutowireCapableBeanFactory.java:542)
	at org.springframework.beans.factory.support.AbstractBeanFactory.lambda$doGetBean$0(AbstractBeanFactory.java:335)
	at org.springframework.beans.factory.support.DefaultSingletonBeanRegistry.getSingleton(DefaultSingletonBeanRegistry.java:234)
	at org.springframework.beans.factory.support.AbstractBeanFactory.doGetBean(AbstractBeanFactory.java:333)
	at org.springframework.beans.factory.support.AbstractBeanFactory.getBean(AbstractBeanFactory.java:208)
	at org.springframework.beans.factory.config.DependencyDescriptor.resolveCandidate(DependencyDescriptor.java:276)
	at org.springframework.beans.factory.support.DefaultListableBeanFactory.doResolveDependency(DefaultListableBeanFactory.java:1391)
	at org.springframework.beans.factory.support.DefaultListableBeanFactory.resolveDependency(DefaultListableBeanFactory.java:1311)
	at org.springframework.beans.factory.annotation.AutowiredAnnotationBeanPostProcessor$AutowiredFieldElement.resolveFieldValue(AutowiredAnnotationBeanPostProcessor.java:710)
	... 20 common frames omitted
Caused by: org.springframework.beans.factory.BeanCreationException: Error creating bean with name 's3RefreshSubmitter' defined in class path resource [com/alok/aws/s3/refresher/demo/submitter/ApplicationConfiguration.class]: Bean instantiation via factory method failed; nested exception is org.springframework.beans.BeanInstantiationException: Failed to instantiate [com.alok.aws.s3.refresh.submitter.S3RefreshSubmitter]: Factory method 's3RefreshSubmitter' threw exception; nested exception is java.lang.AssertionError: bucket name must be set
	at org.springframework.beans.factory.support.ConstructorResolver.instantiate(ConstructorResolver.java:653)
	at org.springframework.beans.factory.support.ConstructorResolver.instantiateUsingFactoryMethod(ConstructorResolver.java:633)
	at org.springframework.beans.factory.support.AbstractAutowireCapableBeanFactory.instantiateUsingFactoryMethod(AbstractAutowireCapableBeanFactory.java:1352)
	at org.springframework.beans.factory.support.AbstractAutowireCapableBeanFactory.createBeanInstance(AbstractAutowireCapableBeanFactory.java:1195)
	at org.springframework.beans.factory.support.AbstractAutowireCapableBeanFactory.doCreateBean(AbstractAutowireCapableBeanFactory.java:582)
	at org.springframework.beans.factory.support.AbstractAutowireCapableBeanFactory.createBean(AbstractAutowireCapableBeanFactory.java:542)
	at org.springframework.beans.factory.support.AbstractBeanFactory.lambda$doGetBean$0(AbstractBeanFactory.java:335)
	at org.springframework.beans.factory.support.DefaultSingletonBeanRegistry.getSingleton(DefaultSingletonBeanRegistry.java:234)
	at org.springframework.beans.factory.support.AbstractBeanFactory.doGetBean(AbstractBeanFactory.java:333)
	at org.springframework.beans.factory.support.AbstractBeanFactory.getBean(AbstractBeanFactory.java:208)
	at org.springframework.beans.factory.config.DependencyDescriptor.resolveCandidate(DependencyDescriptor.java:276)
	at org.springframework.beans.factory.support.DefaultListableBeanFactory.doResolveDependency(DefaultListableBeanFactory.java:1391)
	at org.springframework.beans.factory.support.DefaultListableBeanFactory.resolveDependency(DefaultListableBeanFactory.java:1311)
	at org.springframework.beans.factory.annotation.AutowiredAnnotationBeanPostProcessor$AutowiredFieldElement.resolveFieldValue(AutowiredAnnotationBeanPostProcessor.java:710)
	... 34 common frames omitted
Caused by: org.springframework.beans.BeanInstantiationException: Failed to instantiate [com.alok.aws.s3.refresh.submitter.S3RefreshSubmitter]: Factory method 's3RefreshSubmitter' threw exception; nested exception is java.lang.AssertionError: bucket name must be set
	at org.springframework.beans.factory.support.SimpleInstantiationStrategy.instantiate(SimpleInstantiationStrategy.java:185)
	at org.springframework.beans.factory.support.ConstructorResolver.instantiate(ConstructorResolver.java:648)
	... 47 common frames omitted
Caused by: java.lang.AssertionError: bucket name must be set
	at com.alok.aws.s3.refresh.submitter.S3RefreshSubmitterBuilder.build(S3RefreshSubmitterBuilder.java:32)
	at com.alok.aws.s3.refresher.demo.submitter.ApplicationConfiguration.s3RefreshSubmitter(ApplicationConfiguration.java:24)
	at com.alok.aws.s3.refresher.demo.submitter.ApplicationConfiguration$$EnhancerBySpringCGLIB$$807c76be.CGLIB$s3RefreshSubmitter$0(<generated>)
	at com.alok.aws.s3.refresher.demo.submitter.ApplicationConfiguration$$EnhancerBySpringCGLIB$$807c76be$$FastClassBySpringCGLIB$$2992cc72.invoke(<generated>)
	at org.springframework.cglib.proxy.MethodProxy.invokeSuper(MethodProxy.java:244)
	at org.springframework.context.annotation.ConfigurationClassEnhancer$BeanMethodInterceptor.intercept(ConfigurationClassEnhancer.java:331)
	at com.alok.aws.s3.refresher.demo.submitter.ApplicationConfiguration$$EnhancerBySpringCGLIB$$807c76be.s3RefreshSubmitter(<generated>)
	at sun.reflect.NativeMethodAccessorImpl.invoke0(Native Method)
	at sun.reflect.NativeMethodAccessorImpl.invoke(NativeMethodAccessorImpl.java:62)
	at sun.reflect.DelegatingMethodAccessorImpl.invoke(DelegatingMethodAccessorImpl.java:43)
	at java.lang.reflect.Method.invoke(Method.java:498)
	at org.springframework.beans.factory.support.SimpleInstantiationStrategy.instantiate(SimpleInstantiationStrategy.java:154)
	... 48 common frames omitted
[35m2023-10-15 09:47:59,938[0;39m [34mINFO [0;39m [[34mmain[0;39m] [33mo.s.b.StartupInfoLogger.logStarting:55[0;39m:Starting S3RefreshPollerLibApplication using Java 1.8.0_181 on MacBook-Pro.local with PID 46534 (/Users/aloksingh/git/s3-refresh-submitter-demo/target/classes started by aloksingh in /Users/aloksingh/git/s3-refresh-submitter-demo)
[35m2023-10-15 09:47:59,947[0;39m [34mINFO [0;39m [[34mmain[0;39m] [33mo.s.b.SpringApplication.logStartupProfileInfo:631[0;39m:No active profile set, falling back to 1 default profile: "default"
[35m2023-10-15 09:48:04,561[0;39m [34mINFO [0;39m [[34mmain[0;39m] [33mo.s.b.StartupInfoLogger.logStarted:61[0;39m:Started S3RefreshPollerLibApplication in 5.599 seconds (JVM running for 6.514)
[35m2023-10-15 09:48:04,569[0;39m [34mINFO [0;39m [[34mmain[0;39m] [33mc.a.a.s.r.d.S3RefreshPollerLibApplication.run:25[0;39m:Application Started!!!
[35m2023-10-15 09:48:04,570[0;39m [34mINFO [0;39m [[34mmain[0;39m] [33mc.a.a.s.r.s.S3RefreshSubmitter.submitRefresh:69[0;39m:submitRefreshService::APPA::alok-s3-refresh::1697343484
[35m2023-10-15 09:48:05,219[0;39m [34mINFO [0;39m [[34mmain[0;39m] [33mc.a.a.s.r.s.S3RefreshSubmitter.submitRefresh:69[0;39m:submitRefreshService::APPB::alok-s3-refresh::1697343484
[35m2023-10-15 09:54:35,931[0;39m [34mINFO [0;39m [[34mmain[0;39m] [33mo.s.b.StartupInfoLogger.logStarting:55[0;39m:Starting S3RefreshPollerLibApplication using Java 1.8.0_181 on MacBook-Pro.local with PID 46903 (/Users/aloksingh/git/s3-refresh-submitter-demo/target/classes started by aloksingh in /Users/aloksingh/git/s3-refresh-submitter-demo)
[35m2023-10-15 09:54:35,935[0;39m [34mINFO [0;39m [[34mmain[0;39m] [33mo.s.b.SpringApplication.logStartupProfileInfo:631[0;39m:No active profile set, falling back to 1 default profile: "default"
[35m2023-10-15 09:54:40,113[0;39m [34mINFO [0;39m [[34mmain[0;39m] [33mo.s.b.StartupInfoLogger.logStarted:61[0;39m:Started S3RefreshPollerLibApplication in 5.09 seconds (JVM running for 5.927)
[35m2023-10-15 09:54:40,138[0;39m [34mINFO [0;39m [[34mmain[0;39m] [33mc.a.a.s.r.d.S3RefreshPollerLibApplication.run:25[0;39m:Application Started!!!
[35m2023-10-15 09:54:40,139[0;39m [34mINFO [0;39m [[34mmain[0;39m] [33mc.a.a.s.r.s.S3RefreshSubmitter.submitRefresh:69[0;39m:submitRefreshService::APPA::alok-s3-refresh::1697343880
[35m2023-10-15 09:54:40,740[0;39m [34mINFO [0;39m [[34mmain[0;39m] [33mc.a.a.s.r.s.S3RefreshSubmitter.submitRefresh:69[0;39m:submitRefreshService::APPB::alok-s3-refresh::1697343880
[35m2023-10-15 09:57:03,933[0;39m [34mINFO [0;39m [[34mmain[0;39m] [33mo.s.b.StartupInfoLogger.logStarting:55[0;39m:Starting S3RefreshPollerLibApplication using Java 1.8.0_181 on MacBook-Pro.local with PID 46986 (/Users/aloksingh/git/s3-refresh-submitter-demo/target/classes started by aloksingh in /Users/aloksingh/git/s3-refresh-submitter-demo)
[35m2023-10-15 09:57:03,937[0;39m [34mINFO [0;39m [[34mmain[0;39m] [33mo.s.b.SpringApplication.logStartupProfileInfo:631[0;39m:No active profile set, falling back to 1 default profile: "default"
[35m2023-10-15 09:57:08,071[0;39m [34mINFO [0;39m [[34mmain[0;39m] [33mo.s.b.StartupInfoLogger.logStarted:61[0;39m:Started S3RefreshPollerLibApplication in 5.016 seconds (JVM running for 5.855)
[35m2023-10-15 09:57:08,081[0;39m [34mINFO [0;39m [[34mmain[0;39m] [33mc.a.a.s.r.d.S3RefreshPollerLibApplication.run:25[0;39m:Application Started!!!
[35m2023-10-15 09:57:08,082[0;39m [34mINFO [0;39m [[34mmain[0;39m] [33mc.a.a.s.r.s.S3RefreshSubmitter.submitRefresh:69[0;39m:submitRefreshService::APPA::alok-s3-refresh::1697344028
[35m2023-10-15 09:57:08,712[0;39m [34mINFO [0;39m [[34mmain[0;39m] [33mc.a.a.s.r.s.S3RefreshSubmitter.submitRefresh:69[0;39m:submitRefreshService::APPB::alok-s3-refresh::1697344028
[35m2023-10-15 10:04:14,391[0;39m [34mINFO [0;39m [[34mmain[0;39m] [33mo.s.b.StartupInfoLogger.logStarting:55[0;39m:Starting S3RefreshPollerLibApplication using Java 1.8.0_181 on MacBook-Pro.local with PID 47320 (/Users/aloksingh/git/s3-refresh-submitter-demo/target/classes started by aloksingh in /Users/aloksingh/git/s3-refresh-submitter-demo)
[35m2023-10-15 10:04:14,397[0;39m [34mINFO [0;39m [[34mmain[0;39m] [33mo.s.b.SpringApplication.logStartupProfileInfo:631[0;39m:No active profile set, falling back to 1 default profile: "default"
[35m2023-10-15 10:04:18,928[0;39m [34mINFO [0;39m [[34mmain[0;39m] [33mo.s.b.StartupInfoLogger.logStarted:61[0;39m:Started S3RefreshPollerLibApplication in 5.426 seconds (JVM running for 6.287)
[35m2023-10-15 10:04:18,934[0;39m [34mINFO [0;39m [[34mmain[0;39m] [33mc.a.a.s.r.d.S3RefreshPollerLibApplication.run:25[0;39m:Application Started!!!
[35m2023-10-15 10:04:18,935[0;39m [34mINFO [0;39m [[34mmain[0;39m] [33mc.a.a.s.r.s.S3RefreshSubmitter.submitRefresh:69[0;39m:submitRefreshService::APPA::alok-s3-refresh::1697344458
[35m2023-10-15 10:04:19,594[0;39m [34mINFO [0;39m [[34mmain[0;39m] [33mc.a.a.s.r.s.S3RefreshSubmitter.submitRefresh:69[0;39m:submitRefreshService::APPB::alok-s3-refresh::1697344458
[35m2023-10-15 10:15:52,067[0;39m [34mINFO [0;39m [[34mmain[0;39m] [33mo.s.b.StartupInfoLogger.logStarting:55[0;39m:Starting S3RefreshPollerLibApplication using Java 1.8.0_181 on MacBook-Pro.local with PID 47609 (/Users/aloksingh/git/s3-refresh-submitter-demo/target/classes started by aloksingh in /Users/aloksingh/git/s3-refresh-submitter-demo)
[35m2023-10-15 10:15:52,071[0;39m [34mINFO [0;39m [[34mmain[0;39m] [33mo.s.b.SpringApplication.logStartupProfileInfo:631[0;39m:No active profile set, falling back to 1 default profile: "default"
[35m2023-10-15 10:15:56,792[0;39m [34mINFO [0;39m [[34mmain[0;39m] [33mo.s.b.StartupInfoLogger.logStarted:61[0;39m:Started S3RefreshPollerLibApplication in 5.607 seconds (JVM running for 6.442)
[35m2023-10-15 10:15:56,808[0;39m [34mINFO [0;39m [[34mmain[0;39m] [33mc.a.a.s.r.d.S3RefreshPollerLibApplication.run:25[0;39m:Application Started!!!
[35m2023-10-15 10:15:56,809[0;39m [34mINFO [0;39m [[34mmain[0;39m] [33mc.a.a.s.r.s.S3RefreshSubmitter.submitRefresh:69[0;39m:submitRefreshService::APPA::alok-s3-refresh::1697345156
[35m2023-10-15 10:15:57,469[0;39m [34mINFO [0;39m [[34mmain[0;39m] [33mc.a.a.s.r.s.S3RefreshSubmitter.submitRefresh:69[0;39m:submitRefreshService::APPB::alok-s3-refresh::1697345156
[35m2023-10-15 10:26:59,147[0;39m [34mINFO [0;39m [[34mmain[0;39m] [33mo.s.b.StartupInfoLogger.logStarting:55[0;39m:Starting S3RefreshPollerLibApplication using Java 1.8.0_181 on MacBook-Pro.local with PID 47940 (/Users/aloksingh/git/s3-refresh-submitter-demo/target/classes started by aloksingh in /Users/aloksingh/git/s3-refresh-submitter-demo)
[35m2023-10-15 10:26:59,155[0;39m [34mINFO [0;39m [[34mmain[0;39m] [33mo.s.b.SpringApplication.logStartupProfileInfo:631[0;39m:No active profile set, falling back to 1 default profile: "default"
[35m2023-10-15 10:27:04,218[0;39m [34mINFO [0;39m [[34mmain[0;39m] [33mo.s.b.StartupInfoLogger.logStarted:61[0;39m:Started S3RefreshPollerLibApplication in 5.969 seconds (JVM running for 6.788)
[35m2023-10-15 10:27:04,224[0;39m [34mINFO [0;39m [[34mmain[0;39m] [33mc.a.a.s.r.d.S3RefreshPollerLibApplication.run:25[0;39m:Application Started!!!
[35m2023-10-15 10:27:04,225[0;39m [34mINFO [0;39m [[34mmain[0;39m] [33mc.a.a.s.r.s.S3RefreshSubmitter.submitRefresh:69[0;39m:submitRefreshService::APPA::alok-s3-refresh::1697345824
[35m2023-10-15 10:27:04,868[0;39m [34mINFO [0;39m [[34mmain[0;39m] [33mc.a.a.s.r.s.S3RefreshSubmitter.submitRefresh:69[0;39m:submitRefreshService::APPB::alok-s3-refresh::1697345824
[35m2023-10-15 12:40:03,548[0;39m [34mINFO [0;39m [[34mmain[0;39m] [33mo.s.b.StartupInfoLogger.logStarting:55[0;39m:Starting S3RefreshPollerLibApplication using Java 1.8.0_181 on MacBook-Pro.local with PID 49285 (/Users/aloksingh/git/s3-refresh-submitter-demo/target/classes started by aloksingh in /Users/aloksingh/git/s3-refresh-submitter-demo)
[35m2023-10-15 12:40:03,554[0;39m [34mINFO [0;39m [[34mmain[0;39m] [33mo.s.b.SpringApplication.logStartupProfileInfo:631[0;39m:No active profile set, falling back to 1 default profile: "default"
[35m2023-10-15 12:40:07,084[0;39m [34mINFO [0;39m [[34mmain[0;39m] [33mo.s.b.StartupInfoLogger.logStarted:61[0;39m:Started S3RefreshPollerLibApplication in 4.593 seconds (JVM running for 5.434)
[35m2023-10-15 12:40:07,098[0;39m [34mINFO [0;39m [[34mmain[0;39m] [33mc.a.a.s.r.d.S3RefreshPollerLibApplication.run:25[0;39m:Application Started!!!
[35m2023-10-15 12:40:07,099[0;39m [34mINFO [0;39m [[34mmain[0;39m] [33mc.a.a.s.r.s.S3RefreshSubmitter.submitRefresh:69[0;39m:submitRefreshService::APPA::alok-s3-refresh::1697353807
[35m2023-10-15 12:40:07,710[0;39m [34mINFO [0;39m [[34mmain[0;39m] [33mc.a.a.s.r.s.S3RefreshSubmitter.submitRefresh:69[0;39m:submitRefreshService::APPB::alok-s3-refresh::1697353807
