[35m2023-10-19 14:44:49,300[0;39m [34mINFO [0;39m [[34mmain[0;39m] [33mo.s.b.StartupInfoLogger.logStarting:55[0;39m:Starting S3RefreshPollerLibApplication using Java 1.8.0_181 on MacBook-Pro.local with PID 7560 (/Users/aloksingh/git/s3-refresh-submitter-demo/target/classes started by aloksingh in /Users/aloksingh/git/s3-refresh-submitter-demo)
[35m2023-10-19 14:44:49,311[0;39m [34mINFO [0;39m [[34mmain[0;39m] [33mo.s.b.SpringApplication.logStartupProfileInfo:631[0;39m:No active profile set, falling back to 1 default profile: "default"
[35m2023-10-19 14:44:52,985[0;39m [1;31mERROR[0;39m [[34mmain[0;39m] [33mo.s.b.w.e.t.TomcatStarter.onStartup:61[0;39m:Error starting Tomcat context. Exception: org.springframework.beans.factory.BeanCreationException. Message: Error creating bean with name 'servletEndpointRegistrar' defined in class path resource [org/springframework/boot/actuate/autoconfigure/endpoint/web/ServletEndpointManagementContextConfiguration$WebMvcServletEndpointManagementContextConfiguration.class]: Bean instantiation via factory method failed; nested exception is org.springframework.beans.BeanInstantiationException: Failed to instantiate [org.springframework.boot.actuate.endpoint.web.ServletEndpointRegistrar]: Factory method 'servletEndpointRegistrar' threw exception; nested exception is java.lang.IllegalArgumentException: Value must only contain valid chars
[35m2023-10-19 14:44:53,037[0;39m [31mWARN [0;39m [[34mmain[0;39m] [33mo.s.c.s.AbstractApplicationContext.refresh:591[0;39m:Exception encountered during context initialization - cancelling refresh attempt: org.springframework.context.ApplicationContextException: Unable to start web server; nested exception is org.springframework.boot.web.server.WebServerException: Unable to start embedded Tomcat
[35m2023-10-19 14:44:53,123[0;39m [1;31mERROR[0;39m [[34mmain[0;39m] [33mo.s.b.SpringApplication.reportFailure:821[0;39m:Application run failed
org.springframework.context.ApplicationContextException: Unable to start web server; nested exception is org.springframework.boot.web.server.WebServerException: Unable to start embedded Tomcat
	at org.springframework.boot.web.servlet.context.ServletWebServerApplicationContext.onRefresh(ServletWebServerApplicationContext.java:165)
	at org.springframework.context.support.AbstractApplicationContext.refresh(AbstractApplicationContext.java:577)
	at org.springframework.boot.web.servlet.context.ServletWebServerApplicationContext.refresh(ServletWebServerApplicationContext.java:147)
	at org.springframework.boot.SpringApplication.refresh(SpringApplication.java:731)
	at org.springframework.boot.SpringApplication.refreshContext(SpringApplication.java:408)
	at org.springframework.boot.SpringApplication.run(SpringApplication.java:307)
	at org.springframework.boot.SpringApplication.run(SpringApplication.java:1303)
	at org.springframework.boot.SpringApplication.run(SpringApplication.java:1292)
	at com.alok.aws.s3.refresher.demo.S3RefreshPollerLibApplication.main(S3RefreshPollerLibApplication.java:20)
Caused by: org.springframework.boot.web.server.WebServerException: Unable to start embedded Tomcat
	at org.springframework.boot.web.embedded.tomcat.TomcatWebServer.initialize(TomcatWebServer.java:142)
	at org.springframework.boot.web.embedded.tomcat.TomcatWebServer.<init>(TomcatWebServer.java:104)
	at org.springframework.boot.web.embedded.tomcat.TomcatServletWebServerFactory.getTomcatWebServer(TomcatServletWebServerFactory.java:481)
	at org.springframework.boot.web.embedded.tomcat.TomcatServletWebServerFactory.getWebServer(TomcatServletWebServerFactory.java:211)
	at org.springframework.boot.web.servlet.context.ServletWebServerApplicationContext.createWebServer(ServletWebServerApplicationContext.java:184)
	at org.springframework.boot.web.servlet.context.ServletWebServerApplicationContext.onRefresh(ServletWebServerApplicationContext.java:162)
	... 8 common frames omitted
Caused by: org.springframework.beans.factory.BeanCreationException: Error creating bean with name 'servletEndpointRegistrar' defined in class path resource [org/springframework/boot/actuate/autoconfigure/endpoint/web/ServletEndpointManagementContextConfiguration$WebMvcServletEndpointManagementContextConfiguration.class]: Bean instantiation via factory method failed; nested exception is org.springframework.beans.BeanInstantiationException: Failed to instantiate [org.springframework.boot.actuate.endpoint.web.ServletEndpointRegistrar]: Factory method 'servletEndpointRegistrar' threw exception; nested exception is java.lang.IllegalArgumentException: Value must only contain valid chars
	at org.springframework.beans.factory.support.ConstructorResolver.instantiate(ConstructorResolver.java:653)
	at org.springframework.beans.factory.support.ConstructorResolver.instantiateUsingFactoryMethod(ConstructorResolver.java:633)
	at org.springframework.beans.factory.support.AbstractAutowireCapableBeanFactory.instantiateUsingFactoryMethod(AbstractAutowireCapableBeanFactory.java:1352)
	at org.springframework.beans.factory.support.AbstractAutowireCapableBeanFactory.createBeanInstance(AbstractAutowireCapableBeanFactory.java:1195)
	at org.springframework.beans.factory.support.AbstractAutowireCapableBeanFactory.doCreateBean(AbstractAutowireCapableBeanFactory.java:582)
	at org.springframework.beans.factory.support.AbstractAutowireCapableBeanFactory.createBean(AbstractAutowireCapableBeanFactory.java:542)
	at org.springframework.beans.factory.support.AbstractBeanFactory.lambda$doGetBean$0(AbstractBeanFactory.java:335)
	at org.springframework.beans.factory.support.DefaultSingletonBeanRegistry.getSingleton(DefaultSingletonBeanRegistry.java:234)
	at org.springframework.beans.factory.support.AbstractBeanFactory.doGetBean(AbstractBeanFactory.java:333)
	at org.springframework.beans.factory.support.AbstractBeanFactory.getBean(AbstractBeanFactory.java:213)
	at org.springframework.boot.web.servlet.ServletContextInitializerBeans.getOrderedBeansOfType(ServletContextInitializerBeans.java:213)
	at org.springframework.boot.web.servlet.ServletContextInitializerBeans.getOrderedBeansOfType(ServletContextInitializerBeans.java:204)
	at org.springframework.boot.web.servlet.ServletContextInitializerBeans.addServletContextInitializerBeans(ServletContextInitializerBeans.java:98)
	at org.springframework.boot.web.servlet.ServletContextInitializerBeans.<init>(ServletContextInitializerBeans.java:86)
	at org.springframework.boot.web.servlet.context.ServletWebServerApplicationContext.getServletContextInitializerBeans(ServletWebServerApplicationContext.java:262)
	at org.springframework.boot.web.servlet.context.ServletWebServerApplicationContext.selfInitialize(ServletWebServerApplicationContext.java:236)
	at org.springframework.boot.web.embedded.tomcat.TomcatStarter.onStartup(TomcatStarter.java:53)
	at org.apache.catalina.core.StandardContext.startInternal(StandardContext.java:4904)
	at org.apache.catalina.util.LifecycleBase.start(LifecycleBase.java:171)
	at org.apache.catalina.core.ContainerBase$StartChild.call(ContainerBase.java:1332)
	at org.apache.catalina.core.ContainerBase$StartChild.call(ContainerBase.java:1322)
	at java.util.concurrent.FutureTask.run(FutureTask.java:266)
	at org.apache.tomcat.util.threads.InlineExecutorService.execute(InlineExecutorService.java:75)
	at java.util.concurrent.AbstractExecutorService.submit(AbstractExecutorService.java:134)
	at org.apache.catalina.core.ContainerBase.startInternal(ContainerBase.java:866)
	at org.apache.catalina.core.StandardHost.startInternal(StandardHost.java:795)
	at org.apache.catalina.util.LifecycleBase.start(LifecycleBase.java:171)
	at org.apache.catalina.core.ContainerBase$StartChild.call(ContainerBase.java:1332)
	at org.apache.catalina.core.ContainerBase$StartChild.call(ContainerBase.java:1322)
	at java.util.concurrent.FutureTask.run(FutureTask.java:266)
	at org.apache.tomcat.util.threads.InlineExecutorService.execute(InlineExecutorService.java:75)
	at java.util.concurrent.AbstractExecutorService.submit(AbstractExecutorService.java:134)
	at org.apache.catalina.core.ContainerBase.startInternal(ContainerBase.java:866)
	at org.apache.catalina.core.StandardEngine.startInternal(StandardEngine.java:249)
	at org.apache.catalina.util.LifecycleBase.start(LifecycleBase.java:171)
	at org.apache.catalina.core.StandardService.startInternal(StandardService.java:433)
	at org.apache.catalina.util.LifecycleBase.start(LifecycleBase.java:171)
	at org.apache.catalina.core.StandardServer.startInternal(StandardServer.java:922)
	at org.apache.catalina.util.LifecycleBase.start(LifecycleBase.java:171)
	at org.apache.catalina.startup.Tomcat.start(Tomcat.java:486)
	at org.springframework.boot.web.embedded.tomcat.TomcatWebServer.initialize(TomcatWebServer.java:123)
	... 13 common frames omitted
Caused by: org.springframework.beans.BeanInstantiationException: Failed to instantiate [org.springframework.boot.actuate.endpoint.web.ServletEndpointRegistrar]: Factory method 'servletEndpointRegistrar' threw exception; nested exception is java.lang.IllegalArgumentException: Value must only contain valid chars
	at org.springframework.beans.factory.support.SimpleInstantiationStrategy.instantiate(SimpleInstantiationStrategy.java:185)
	at org.springframework.beans.factory.support.ConstructorResolver.instantiate(ConstructorResolver.java:648)
	... 53 common frames omitted
Caused by: java.lang.IllegalArgumentException: Value must only contain valid chars
	at org.springframework.util.Assert.isTrue(Assert.java:121)
	at org.springframework.boot.actuate.endpoint.EndpointId.<init>(EndpointId.java:58)
	at org.springframework.boot.actuate.endpoint.EndpointId.of(EndpointId.java:129)
	at org.springframework.boot.actuate.endpoint.annotation.EndpointDiscoverer$EndpointBean.<init>(EndpointDiscoverer.java:431)
	at org.springframework.boot.actuate.endpoint.annotation.EndpointDiscoverer.createEndpointBean(EndpointDiscoverer.java:146)
	at org.springframework.boot.actuate.endpoint.annotation.EndpointDiscoverer.createEndpointBeans(EndpointDiscoverer.java:134)
	at org.springframework.boot.actuate.endpoint.annotation.EndpointDiscoverer.discoverEndpoints(EndpointDiscoverer.java:123)
	at org.springframework.boot.actuate.endpoint.annotation.EndpointDiscoverer.getEndpoints(EndpointDiscoverer.java:117)
	at org.springframework.boot.actuate.autoconfigure.endpoint.web.ServletEndpointManagementContextConfiguration$WebMvcServletEndpointManagementContextConfiguration.servletEndpointRegistrar(ServletEndpointManagementContextConfiguration.java:65)
	at sun.reflect.NativeMethodAccessorImpl.invoke0(Native Method)
	at sun.reflect.NativeMethodAccessorImpl.invoke(NativeMethodAccessorImpl.java:62)
	at sun.reflect.DelegatingMethodAccessorImpl.invoke(DelegatingMethodAccessorImpl.java:43)
	at java.lang.reflect.Method.invoke(Method.java:498)
	at org.springframework.beans.factory.support.SimpleInstantiationStrategy.instantiate(SimpleInstantiationStrategy.java:154)
	... 54 common frames omitted
[35m2023-10-19 14:45:28,007[0;39m [34mINFO [0;39m [[34mmain[0;39m] [33mo.s.b.StartupInfoLogger.logStarting:55[0;39m:Starting S3RefreshPollerLibApplication using Java 1.8.0_181 on MacBook-Pro.local with PID 7689 (/Users/aloksingh/git/s3-refresh-submitter-demo/target/classes started by aloksingh in /Users/aloksingh/git/s3-refresh-submitter-demo)
[35m2023-10-19 14:45:28,011[0;39m [34mINFO [0;39m [[34mmain[0;39m] [33mo.s.b.SpringApplication.logStartupProfileInfo:631[0;39m:No active profile set, falling back to 1 default profile: "default"
[35m2023-10-19 14:45:31,214[0;39m [1;31mERROR[0;39m [[34mmain[0;39m] [33mo.s.b.w.e.t.TomcatStarter.onStartup:61[0;39m:Error starting Tomcat context. Exception: org.springframework.beans.factory.BeanCreationException. Message: Error creating bean with name 'servletEndpointRegistrar' defined in class path resource [org/springframework/boot/actuate/autoconfigure/endpoint/web/ServletEndpointManagementContextConfiguration$WebMvcServletEndpointManagementContextConfiguration.class]: Bean instantiation via factory method failed; nested exception is org.springframework.beans.BeanInstantiationException: Failed to instantiate [org.springframework.boot.actuate.endpoint.web.ServletEndpointRegistrar]: Factory method 'servletEndpointRegistrar' threw exception; nested exception is java.lang.IllegalArgumentException: Value must only contain valid chars
[35m2023-10-19 14:45:31,257[0;39m [31mWARN [0;39m [[34mmain[0;39m] [33mo.s.c.s.AbstractApplicationContext.refresh:591[0;39m:Exception encountered during context initialization - cancelling refresh attempt: org.springframework.context.ApplicationContextException: Unable to start web server; nested exception is org.springframework.boot.web.server.WebServerException: Unable to start embedded Tomcat
[35m2023-10-19 14:45:31,330[0;39m [1;31mERROR[0;39m [[34mmain[0;39m] [33mo.s.b.SpringApplication.reportFailure:821[0;39m:Application run failed
org.springframework.context.ApplicationContextException: Unable to start web server; nested exception is org.springframework.boot.web.server.WebServerException: Unable to start embedded Tomcat
	at org.springframework.boot.web.servlet.context.ServletWebServerApplicationContext.onRefresh(ServletWebServerApplicationContext.java:165)
	at org.springframework.context.support.AbstractApplicationContext.refresh(AbstractApplicationContext.java:577)
	at org.springframework.boot.web.servlet.context.ServletWebServerApplicationContext.refresh(ServletWebServerApplicationContext.java:147)
	at org.springframework.boot.SpringApplication.refresh(SpringApplication.java:731)
	at org.springframework.boot.SpringApplication.refreshContext(SpringApplication.java:408)
	at org.springframework.boot.SpringApplication.run(SpringApplication.java:307)
	at org.springframework.boot.SpringApplication.run(SpringApplication.java:1303)
	at org.springframework.boot.SpringApplication.run(SpringApplication.java:1292)
	at com.alok.aws.s3.refresher.demo.S3RefreshPollerLibApplication.main(S3RefreshPollerLibApplication.java:20)
Caused by: org.springframework.boot.web.server.WebServerException: Unable to start embedded Tomcat
	at org.springframework.boot.web.embedded.tomcat.TomcatWebServer.initialize(TomcatWebServer.java:142)
	at org.springframework.boot.web.embedded.tomcat.TomcatWebServer.<init>(TomcatWebServer.java:104)
	at org.springframework.boot.web.embedded.tomcat.TomcatServletWebServerFactory.getTomcatWebServer(TomcatServletWebServerFactory.java:481)
	at org.springframework.boot.web.embedded.tomcat.TomcatServletWebServerFactory.getWebServer(TomcatServletWebServerFactory.java:211)
	at org.springframework.boot.web.servlet.context.ServletWebServerApplicationContext.createWebServer(ServletWebServerApplicationContext.java:184)
	at org.springframework.boot.web.servlet.context.ServletWebServerApplicationContext.onRefresh(ServletWebServerApplicationContext.java:162)
	... 8 common frames omitted
Caused by: org.springframework.beans.factory.BeanCreationException: Error creating bean with name 'servletEndpointRegistrar' defined in class path resource [org/springframework/boot/actuate/autoconfigure/endpoint/web/ServletEndpointManagementContextConfiguration$WebMvcServletEndpointManagementContextConfiguration.class]: Bean instantiation via factory method failed; nested exception is org.springframework.beans.BeanInstantiationException: Failed to instantiate [org.springframework.boot.actuate.endpoint.web.ServletEndpointRegistrar]: Factory method 'servletEndpointRegistrar' threw exception; nested exception is java.lang.IllegalArgumentException: Value must only contain valid chars
	at org.springframework.beans.factory.support.ConstructorResolver.instantiate(ConstructorResolver.java:653)
	at org.springframework.beans.factory.support.ConstructorResolver.instantiateUsingFactoryMethod(ConstructorResolver.java:633)
	at org.springframework.beans.factory.support.AbstractAutowireCapableBeanFactory.instantiateUsingFactoryMethod(AbstractAutowireCapableBeanFactory.java:1352)
	at org.springframework.beans.factory.support.AbstractAutowireCapableBeanFactory.createBeanInstance(AbstractAutowireCapableBeanFactory.java:1195)
	at org.springframework.beans.factory.support.AbstractAutowireCapableBeanFactory.doCreateBean(AbstractAutowireCapableBeanFactory.java:582)
	at org.springframework.beans.factory.support.AbstractAutowireCapableBeanFactory.createBean(AbstractAutowireCapableBeanFactory.java:542)
	at org.springframework.beans.factory.support.AbstractBeanFactory.lambda$doGetBean$0(AbstractBeanFactory.java:335)
	at org.springframework.beans.factory.support.DefaultSingletonBeanRegistry.getSingleton(DefaultSingletonBeanRegistry.java:234)
	at org.springframework.beans.factory.support.AbstractBeanFactory.doGetBean(AbstractBeanFactory.java:333)
	at org.springframework.beans.factory.support.AbstractBeanFactory.getBean(AbstractBeanFactory.java:213)
	at org.springframework.boot.web.servlet.ServletContextInitializerBeans.getOrderedBeansOfType(ServletContextInitializerBeans.java:213)
	at org.springframework.boot.web.servlet.ServletContextInitializerBeans.getOrderedBeansOfType(ServletContextInitializerBeans.java:204)
	at org.springframework.boot.web.servlet.ServletContextInitializerBeans.addServletContextInitializerBeans(ServletContextInitializerBeans.java:98)
	at org.springframework.boot.web.servlet.ServletContextInitializerBeans.<init>(ServletContextInitializerBeans.java:86)
	at org.springframework.boot.web.servlet.context.ServletWebServerApplicationContext.getServletContextInitializerBeans(ServletWebServerApplicationContext.java:262)
	at org.springframework.boot.web.servlet.context.ServletWebServerApplicationContext.selfInitialize(ServletWebServerApplicationContext.java:236)
	at org.springframework.boot.web.embedded.tomcat.TomcatStarter.onStartup(TomcatStarter.java:53)
	at org.apache.catalina.core.StandardContext.startInternal(StandardContext.java:4904)
	at org.apache.catalina.util.LifecycleBase.start(LifecycleBase.java:171)
	at org.apache.catalina.core.ContainerBase$StartChild.call(ContainerBase.java:1332)
	at org.apache.catalina.core.ContainerBase$StartChild.call(ContainerBase.java:1322)
	at java.util.concurrent.FutureTask.run(FutureTask.java:266)
	at org.apache.tomcat.util.threads.InlineExecutorService.execute(InlineExecutorService.java:75)
	at java.util.concurrent.AbstractExecutorService.submit(AbstractExecutorService.java:134)
	at org.apache.catalina.core.ContainerBase.startInternal(ContainerBase.java:866)
	at org.apache.catalina.core.StandardHost.startInternal(StandardHost.java:795)
	at org.apache.catalina.util.LifecycleBase.start(LifecycleBase.java:171)
	at org.apache.catalina.core.ContainerBase$StartChild.call(ContainerBase.java:1332)
	at org.apache.catalina.core.ContainerBase$StartChild.call(ContainerBase.java:1322)
	at java.util.concurrent.FutureTask.run(FutureTask.java:266)
	at org.apache.tomcat.util.threads.InlineExecutorService.execute(InlineExecutorService.java:75)
	at java.util.concurrent.AbstractExecutorService.submit(AbstractExecutorService.java:134)
	at org.apache.catalina.core.ContainerBase.startInternal(ContainerBase.java:866)
	at org.apache.catalina.core.StandardEngine.startInternal(StandardEngine.java:249)
	at org.apache.catalina.util.LifecycleBase.start(LifecycleBase.java:171)
	at org.apache.catalina.core.StandardService.startInternal(StandardService.java:433)
	at org.apache.catalina.util.LifecycleBase.start(LifecycleBase.java:171)
	at org.apache.catalina.core.StandardServer.startInternal(StandardServer.java:922)
	at org.apache.catalina.util.LifecycleBase.start(LifecycleBase.java:171)
	at org.apache.catalina.startup.Tomcat.start(Tomcat.java:486)
	at org.springframework.boot.web.embedded.tomcat.TomcatWebServer.initialize(TomcatWebServer.java:123)
	... 13 common frames omitted
Caused by: org.springframework.beans.BeanInstantiationException: Failed to instantiate [org.springframework.boot.actuate.endpoint.web.ServletEndpointRegistrar]: Factory method 'servletEndpointRegistrar' threw exception; nested exception is java.lang.IllegalArgumentException: Value must only contain valid chars
	at org.springframework.beans.factory.support.SimpleInstantiationStrategy.instantiate(SimpleInstantiationStrategy.java:185)
	at org.springframework.beans.factory.support.ConstructorResolver.instantiate(ConstructorResolver.java:648)
	... 53 common frames omitted
Caused by: java.lang.IllegalArgumentException: Value must only contain valid chars
	at org.springframework.util.Assert.isTrue(Assert.java:121)
	at org.springframework.boot.actuate.endpoint.EndpointId.<init>(EndpointId.java:58)
	at org.springframework.boot.actuate.endpoint.EndpointId.of(EndpointId.java:129)
	at org.springframework.boot.actuate.endpoint.annotation.EndpointDiscoverer$EndpointBean.<init>(EndpointDiscoverer.java:431)
	at org.springframework.boot.actuate.endpoint.annotation.EndpointDiscoverer.createEndpointBean(EndpointDiscoverer.java:146)
	at org.springframework.boot.actuate.endpoint.annotation.EndpointDiscoverer.createEndpointBeans(EndpointDiscoverer.java:134)
	at org.springframework.boot.actuate.endpoint.annotation.EndpointDiscoverer.discoverEndpoints(EndpointDiscoverer.java:123)
	at org.springframework.boot.actuate.endpoint.annotation.EndpointDiscoverer.getEndpoints(EndpointDiscoverer.java:117)
	at org.springframework.boot.actuate.autoconfigure.endpoint.web.ServletEndpointManagementContextConfiguration$WebMvcServletEndpointManagementContextConfiguration.servletEndpointRegistrar(ServletEndpointManagementContextConfiguration.java:65)
	at sun.reflect.NativeMethodAccessorImpl.invoke0(Native Method)
	at sun.reflect.NativeMethodAccessorImpl.invoke(NativeMethodAccessorImpl.java:62)
	at sun.reflect.DelegatingMethodAccessorImpl.invoke(DelegatingMethodAccessorImpl.java:43)
	at java.lang.reflect.Method.invoke(Method.java:498)
	at org.springframework.beans.factory.support.SimpleInstantiationStrategy.instantiate(SimpleInstantiationStrategy.java:154)
	... 54 common frames omitted
[35m2023-10-19 14:48:39,462[0;39m [34mINFO [0;39m [[34mmain[0;39m] [33mo.s.b.StartupInfoLogger.logStarting:55[0;39m:Starting S3RefreshPollerLibApplication using Java 1.8.0_181 on MacBook-Pro.local with PID 7816 (/Users/aloksingh/git/s3-refresh-submitter-demo/target/classes started by aloksingh in /Users/aloksingh/git/s3-refresh-submitter-demo)
[35m2023-10-19 14:48:39,466[0;39m [34mINFO [0;39m [[34mmain[0;39m] [33mo.s.b.SpringApplication.logStartupProfileInfo:631[0;39m:No active profile set, falling back to 1 default profile: "default"
[35m2023-10-19 14:48:42,845[0;39m [31mWARN [0;39m [[34mmain[0;39m] [33mo.s.b.a.e.EndpointId.logWarning:155[0;39m:Endpoint ID 'downstream-refresh' contains invalid characters, please migrate to a valid format.
[35m2023-10-19 14:48:44,989[0;39m [34mINFO [0;39m [[34mmain[0;39m] [33mo.s.b.StartupInfoLogger.logStarted:61[0;39m:Started S3RefreshPollerLibApplication in 6.43 seconds (JVM running for 7.247)
[35m2023-10-19 14:48:45,047[0;39m [34mINFO [0;39m [[34mmain[0;39m] [33mc.a.a.s.r.d.S3RefreshPollerLibApplication.run:25[0;39m:Application Started!!!
[35m2023-10-19 14:48:45,048[0;39m [34mINFO [0;39m [[34mmain[0;39m] [33mc.a.a.s.r.s.S3RefreshSubmitter.submitRefresh:69[0;39m:submitRefreshService::APPA::alok-s3-refresh::1697707125
[35m2023-10-19 14:48:45,911[0;39m [34mINFO [0;39m [[34mmain[0;39m] [33mc.a.a.s.r.s.S3RefreshSubmitter.submitRefresh:69[0;39m:submitRefreshService::APPB::alok-s3-refresh::1697707125
[35m2023-10-19 14:50:09,304[0;39m [34mINFO [0;39m [[34mhttp-nio-8099-exec-5[0;39m] [33mc.a.a.s.r.s.S3RefreshSubmitter.submitRefresh:69[0;39m:submitRefreshService::APPA::alok-s3-refresh::1697707209
[35m2023-10-19 15:19:00,265[0;39m [34mINFO [0;39m [[34mmain[0;39m] [33mo.s.b.StartupInfoLogger.logStarting:55[0;39m:Starting S3RefreshPollerLibApplication using Java 1.8.0_181 on MacBook-Pro.local with PID 9236 (/Users/aloksingh/git/s3-refresh-submitter-demo/target/classes started by aloksingh in /Users/aloksingh/git/s3-refresh-submitter-demo)
[35m2023-10-19 15:19:00,270[0;39m [34mINFO [0;39m [[34mmain[0;39m] [33mo.s.b.SpringApplication.logStartupProfileInfo:631[0;39m:No active profile set, falling back to 1 default profile: "default"
[35m2023-10-19 15:19:03,865[0;39m [31mWARN [0;39m [[34mmain[0;39m] [33mo.s.b.a.e.EndpointId.logWarning:155[0;39m:Endpoint ID 'downstream-refresh' contains invalid characters, please migrate to a valid format.
[35m2023-10-19 15:19:06,252[0;39m [34mINFO [0;39m [[34mmain[0;39m] [33mo.s.b.StartupInfoLogger.logStarted:61[0;39m:Started S3RefreshPollerLibApplication in 7.495 seconds (JVM running for 8.431)
[35m2023-10-19 15:19:06,315[0;39m [34mINFO [0;39m [[34mmain[0;39m] [33mc.a.a.s.r.d.S3RefreshPollerLibApplication.run:25[0;39m:Application Started!!!
[35m2023-10-19 15:19:06,316[0;39m [34mINFO [0;39m [[34mmain[0;39m] [33mc.a.a.s.r.s.S3RefreshSubmitter.submitRefresh:69[0;39m:submitRefreshService::APPA::alok-s3-refresh::1697708946
[35m2023-10-19 15:19:07,208[0;39m [34mINFO [0;39m [[34mmain[0;39m] [33mc.a.a.s.r.s.S3RefreshSubmitter.submitRefresh:69[0;39m:submitRefreshService::APPB::alok-s3-refresh::1697708946
[35m2023-10-19 15:19:16,797[0;39m [34mINFO [0;39m [[34mmain[0;39m] [33mo.s.b.StartupInfoLogger.logStarting:55[0;39m:Starting S3RefreshPollerLibApplication using Java 1.8.0_181 on MacBook-Pro.local with PID 9250 (/Users/aloksingh/git/s3-refresh-submitter-demo/target/classes started by aloksingh in /Users/aloksingh/git/s3-refresh-submitter-demo)
[35m2023-10-19 15:19:16,802[0;39m [34mINFO [0;39m [[34mmain[0;39m] [33mo.s.b.SpringApplication.logStartupProfileInfo:631[0;39m:No active profile set, falling back to 1 default profile: "default"
[35m2023-10-19 15:19:20,179[0;39m [31mWARN [0;39m [[34mmain[0;39m] [33mo.s.b.a.e.EndpointId.logWarning:155[0;39m:Endpoint ID 'downstream-refresh' contains invalid characters, please migrate to a valid format.
[35m2023-10-19 15:19:22,517[0;39m [34mINFO [0;39m [[34mmain[0;39m] [33mo.s.b.StartupInfoLogger.logStarted:61[0;39m:Started S3RefreshPollerLibApplication in 6.668 seconds (JVM running for 7.522)
[35m2023-10-19 15:19:22,580[0;39m [34mINFO [0;39m [[34mmain[0;39m] [33mc.a.a.s.r.d.S3RefreshPollerLibApplication.run:25[0;39m:Application Started!!!
[35m2023-10-19 15:19:22,582[0;39m [34mINFO [0;39m [[34mmain[0;39m] [33mc.a.a.s.r.s.S3RefreshSubmitter.submitRefresh:69[0;39m:submitRefreshService::APPA::alok-s3-refresh::1697708962
[35m2023-10-19 15:19:23,296[0;39m [34mINFO [0;39m [[34mmain[0;39m] [33mc.a.a.s.r.s.S3RefreshSubmitter.submitRefresh:69[0;39m:submitRefreshService::APPB::alok-s3-refresh::1697708962
[35m2023-10-19 15:20:14,060[0;39m [34mINFO [0;39m [[34mhttp-nio-8099-exec-4[0;39m] [33mc.a.a.s.r.s.S3RefreshSubmitter.submitRefresh:69[0;39m:submitRefreshService::APPA::alok-s3-refresh::1697709014
[35m2023-10-19 15:20:23,450[0;39m [34mINFO [0;39m [[34mhttp-nio-8099-exec-5[0;39m] [33mc.a.a.s.r.s.S3RefreshSubmitter.submitRefresh:69[0;39m:submitRefreshService::APPB::alok-s3-refresh::1697709023
[35m2023-10-19 15:21:15,934[0;39m [34mINFO [0;39m [[34mmain[0;39m] [33mo.s.b.StartupInfoLogger.logStarting:55[0;39m:Starting S3RefreshPollerLibApplication using Java 1.8.0_181 on MacBook-Pro.local with PID 9927 (/Users/aloksingh/git/s3-refresh-submitter-demo/target/classes started by aloksingh in /Users/aloksingh/git/s3-refresh-submitter-demo)
[35m2023-10-19 15:21:15,939[0;39m [34mINFO [0;39m [[34mmain[0;39m] [33mo.s.b.SpringApplication.logStartupProfileInfo:631[0;39m:No active profile set, falling back to 1 default profile: "default"
[35m2023-10-19 15:21:19,210[0;39m [31mWARN [0;39m [[34mmain[0;39m] [33mo.s.b.a.e.EndpointId.logWarning:155[0;39m:Endpoint ID 'downstream-refresh' contains invalid characters, please migrate to a valid format.
[35m2023-10-19 15:21:21,531[0;39m [34mINFO [0;39m [[34mmain[0;39m] [33mo.s.b.StartupInfoLogger.logStarted:61[0;39m:Started S3RefreshPollerLibApplication in 6.537 seconds (JVM running for 7.349)
[35m2023-10-19 15:21:21,596[0;39m [34mINFO [0;39m [[34mmain[0;39m] [33mc.a.a.s.r.d.S3RefreshPollerLibApplication.run:25[0;39m:Application Started!!!
[35m2023-10-19 15:21:21,597[0;39m [34mINFO [0;39m [[34mmain[0;39m] [33mc.a.a.s.r.s.S3RefreshSubmitter.submitRefresh:69[0;39m:submitRefreshService::APPA::alok-s3-refresh::1697709081
[35m2023-10-19 15:21:22,311[0;39m [34mINFO [0;39m [[34mmain[0;39m] [33mc.a.a.s.r.s.S3RefreshSubmitter.submitRefresh:69[0;39m:submitRefreshService::APPB::alok-s3-refresh::1697709081
[35m2023-10-19 15:21:27,802[0;39m [34mINFO [0;39m [[34mhttp-nio-8099-exec-1[0;39m] [33mc.a.a.s.r.s.S3RefreshSubmitter.submitRefresh:69[0;39m:submitRefreshService::APPA::alok-s3-refresh::1697709087
[35m2023-10-19 15:21:27,917[0;39m [34mINFO [0;39m [[34mhttp-nio-8099-exec-1[0;39m] [33mc.a.a.s.r.s.S3RefreshSubmitter.submitRefresh:69[0;39m:submitRefreshService::APPB::alok-s3-refresh::1697709087
[35m2023-10-19 15:21:36,308[0;39m [34mINFO [0;39m [[34mhttp-nio-8099-exec-2[0;39m] [33mc.a.a.s.r.s.S3RefreshSubmitter.submitRefresh:69[0;39m:submitRefreshService::APPB::alok-s3-refresh::1697709096
[35m2023-10-19 15:23:32,278[0;39m [34mINFO [0;39m [[34mmain[0;39m] [33mo.s.b.StartupInfoLogger.logStarting:55[0;39m:Starting S3RefreshPollerLibApplication using Java 1.8.0_181 on MacBook-Pro.local with PID 10254 (/Users/aloksingh/git/s3-refresh-submitter-demo/target/classes started by aloksingh in /Users/aloksingh/git/s3-refresh-submitter-demo)
[35m2023-10-19 15:23:32,282[0;39m [34mINFO [0;39m [[34mmain[0;39m] [33mo.s.b.SpringApplication.logStartupProfileInfo:631[0;39m:No active profile set, falling back to 1 default profile: "default"
[35m2023-10-19 15:23:35,587[0;39m [1;31mERROR[0;39m [[34mmain[0;39m] [33mo.s.b.w.e.t.TomcatStarter.onStartup:61[0;39m:Error starting Tomcat context. Exception: org.springframework.beans.factory.BeanCreationException. Message: Error creating bean with name 'servletEndpointRegistrar' defined in class path resource [org/springframework/boot/actuate/autoconfigure/endpoint/web/ServletEndpointManagementContextConfiguration$WebMvcServletEndpointManagementContextConfiguration.class]: Bean instantiation via factory method failed; nested exception is org.springframework.beans.BeanInstantiationException: Failed to instantiate [org.springframework.boot.actuate.endpoint.web.ServletEndpointRegistrar]: Factory method 'servletEndpointRegistrar' threw exception; nested exception is java.lang.IllegalArgumentException: Value must only contain valid chars
[35m2023-10-19 15:23:35,635[0;39m [31mWARN [0;39m [[34mmain[0;39m] [33mo.s.c.s.AbstractApplicationContext.refresh:591[0;39m:Exception encountered during context initialization - cancelling refresh attempt: org.springframework.context.ApplicationContextException: Unable to start web server; nested exception is org.springframework.boot.web.server.WebServerException: Unable to start embedded Tomcat
[35m2023-10-19 15:23:35,700[0;39m [1;31mERROR[0;39m [[34mmain[0;39m] [33mo.s.b.SpringApplication.reportFailure:821[0;39m:Application run failed
org.springframework.context.ApplicationContextException: Unable to start web server; nested exception is org.springframework.boot.web.server.WebServerException: Unable to start embedded Tomcat
	at org.springframework.boot.web.servlet.context.ServletWebServerApplicationContext.onRefresh(ServletWebServerApplicationContext.java:165)
	at org.springframework.context.support.AbstractApplicationContext.refresh(AbstractApplicationContext.java:577)
	at org.springframework.boot.web.servlet.context.ServletWebServerApplicationContext.refresh(ServletWebServerApplicationContext.java:147)
	at org.springframework.boot.SpringApplication.refresh(SpringApplication.java:731)
	at org.springframework.boot.SpringApplication.refreshContext(SpringApplication.java:408)
	at org.springframework.boot.SpringApplication.run(SpringApplication.java:307)
	at org.springframework.boot.SpringApplication.run(SpringApplication.java:1303)
	at org.springframework.boot.SpringApplication.run(SpringApplication.java:1292)
	at com.alok.aws.s3.refresher.demo.S3RefreshPollerLibApplication.main(S3RefreshPollerLibApplication.java:20)
Caused by: org.springframework.boot.web.server.WebServerException: Unable to start embedded Tomcat
	at org.springframework.boot.web.embedded.tomcat.TomcatWebServer.initialize(TomcatWebServer.java:142)
	at org.springframework.boot.web.embedded.tomcat.TomcatWebServer.<init>(TomcatWebServer.java:104)
	at org.springframework.boot.web.embedded.tomcat.TomcatServletWebServerFactory.getTomcatWebServer(TomcatServletWebServerFactory.java:481)
	at org.springframework.boot.web.embedded.tomcat.TomcatServletWebServerFactory.getWebServer(TomcatServletWebServerFactory.java:211)
	at org.springframework.boot.web.servlet.context.ServletWebServerApplicationContext.createWebServer(ServletWebServerApplicationContext.java:184)
	at org.springframework.boot.web.servlet.context.ServletWebServerApplicationContext.onRefresh(ServletWebServerApplicationContext.java:162)
	... 8 common frames omitted
Caused by: org.springframework.beans.factory.BeanCreationException: Error creating bean with name 'servletEndpointRegistrar' defined in class path resource [org/springframework/boot/actuate/autoconfigure/endpoint/web/ServletEndpointManagementContextConfiguration$WebMvcServletEndpointManagementContextConfiguration.class]: Bean instantiation via factory method failed; nested exception is org.springframework.beans.BeanInstantiationException: Failed to instantiate [org.springframework.boot.actuate.endpoint.web.ServletEndpointRegistrar]: Factory method 'servletEndpointRegistrar' threw exception; nested exception is java.lang.IllegalArgumentException: Value must only contain valid chars
	at org.springframework.beans.factory.support.ConstructorResolver.instantiate(ConstructorResolver.java:653)
	at org.springframework.beans.factory.support.ConstructorResolver.instantiateUsingFactoryMethod(ConstructorResolver.java:633)
	at org.springframework.beans.factory.support.AbstractAutowireCapableBeanFactory.instantiateUsingFactoryMethod(AbstractAutowireCapableBeanFactory.java:1352)
	at org.springframework.beans.factory.support.AbstractAutowireCapableBeanFactory.createBeanInstance(AbstractAutowireCapableBeanFactory.java:1195)
	at org.springframework.beans.factory.support.AbstractAutowireCapableBeanFactory.doCreateBean(AbstractAutowireCapableBeanFactory.java:582)
	at org.springframework.beans.factory.support.AbstractAutowireCapableBeanFactory.createBean(AbstractAutowireCapableBeanFactory.java:542)
	at org.springframework.beans.factory.support.AbstractBeanFactory.lambda$doGetBean$0(AbstractBeanFactory.java:335)
	at org.springframework.beans.factory.support.DefaultSingletonBeanRegistry.getSingleton(DefaultSingletonBeanRegistry.java:234)
	at org.springframework.beans.factory.support.AbstractBeanFactory.doGetBean(AbstractBeanFactory.java:333)
	at org.springframework.beans.factory.support.AbstractBeanFactory.getBean(AbstractBeanFactory.java:213)
	at org.springframework.boot.web.servlet.ServletContextInitializerBeans.getOrderedBeansOfType(ServletContextInitializerBeans.java:213)
	at org.springframework.boot.web.servlet.ServletContextInitializerBeans.getOrderedBeansOfType(ServletContextInitializerBeans.java:204)
	at org.springframework.boot.web.servlet.ServletContextInitializerBeans.addServletContextInitializerBeans(ServletContextInitializerBeans.java:98)
	at org.springframework.boot.web.servlet.ServletContextInitializerBeans.<init>(ServletContextInitializerBeans.java:86)
	at org.springframework.boot.web.servlet.context.ServletWebServerApplicationContext.getServletContextInitializerBeans(ServletWebServerApplicationContext.java:262)
	at org.springframework.boot.web.servlet.context.ServletWebServerApplicationContext.selfInitialize(ServletWebServerApplicationContext.java:236)
	at org.springframework.boot.web.embedded.tomcat.TomcatStarter.onStartup(TomcatStarter.java:53)
	at org.apache.catalina.core.StandardContext.startInternal(StandardContext.java:4904)
	at org.apache.catalina.util.LifecycleBase.start(LifecycleBase.java:171)
	at org.apache.catalina.core.ContainerBase$StartChild.call(ContainerBase.java:1332)
	at org.apache.catalina.core.ContainerBase$StartChild.call(ContainerBase.java:1322)
	at java.util.concurrent.FutureTask.run(FutureTask.java:266)
	at org.apache.tomcat.util.threads.InlineExecutorService.execute(InlineExecutorService.java:75)
	at java.util.concurrent.AbstractExecutorService.submit(AbstractExecutorService.java:134)
	at org.apache.catalina.core.ContainerBase.startInternal(ContainerBase.java:866)
	at org.apache.catalina.core.StandardHost.startInternal(StandardHost.java:795)
	at org.apache.catalina.util.LifecycleBase.start(LifecycleBase.java:171)
	at org.apache.catalina.core.ContainerBase$StartChild.call(ContainerBase.java:1332)
	at org.apache.catalina.core.ContainerBase$StartChild.call(ContainerBase.java:1322)
	at java.util.concurrent.FutureTask.run(FutureTask.java:266)
	at org.apache.tomcat.util.threads.InlineExecutorService.execute(InlineExecutorService.java:75)
	at java.util.concurrent.AbstractExecutorService.submit(AbstractExecutorService.java:134)
	at org.apache.catalina.core.ContainerBase.startInternal(ContainerBase.java:866)
	at org.apache.catalina.core.StandardEngine.startInternal(StandardEngine.java:249)
	at org.apache.catalina.util.LifecycleBase.start(LifecycleBase.java:171)
	at org.apache.catalina.core.StandardService.startInternal(StandardService.java:433)
	at org.apache.catalina.util.LifecycleBase.start(LifecycleBase.java:171)
	at org.apache.catalina.core.StandardServer.startInternal(StandardServer.java:922)
	at org.apache.catalina.util.LifecycleBase.start(LifecycleBase.java:171)
	at org.apache.catalina.startup.Tomcat.start(Tomcat.java:486)
	at org.springframework.boot.web.embedded.tomcat.TomcatWebServer.initialize(TomcatWebServer.java:123)
	... 13 common frames omitted
Caused by: org.springframework.beans.BeanInstantiationException: Failed to instantiate [org.springframework.boot.actuate.endpoint.web.ServletEndpointRegistrar]: Factory method 'servletEndpointRegistrar' threw exception; nested exception is java.lang.IllegalArgumentException: Value must only contain valid chars
	at org.springframework.beans.factory.support.SimpleInstantiationStrategy.instantiate(SimpleInstantiationStrategy.java:185)
	at org.springframework.beans.factory.support.ConstructorResolver.instantiate(ConstructorResolver.java:648)
	... 53 common frames omitted
Caused by: java.lang.IllegalArgumentException: Value must only contain valid chars
	at org.springframework.util.Assert.isTrue(Assert.java:121)
	at org.springframework.boot.actuate.endpoint.EndpointId.<init>(EndpointId.java:58)
	at org.springframework.boot.actuate.endpoint.EndpointId.of(EndpointId.java:129)
	at org.springframework.boot.actuate.endpoint.annotation.EndpointDiscoverer$EndpointBean.<init>(EndpointDiscoverer.java:431)
	at org.springframework.boot.actuate.endpoint.annotation.EndpointDiscoverer.createEndpointBean(EndpointDiscoverer.java:146)
	at org.springframework.boot.actuate.endpoint.annotation.EndpointDiscoverer.createEndpointBeans(EndpointDiscoverer.java:134)
	at org.springframework.boot.actuate.endpoint.annotation.EndpointDiscoverer.discoverEndpoints(EndpointDiscoverer.java:123)
	at org.springframework.boot.actuate.endpoint.annotation.EndpointDiscoverer.getEndpoints(EndpointDiscoverer.java:117)
	at org.springframework.boot.actuate.autoconfigure.endpoint.web.ServletEndpointManagementContextConfiguration$WebMvcServletEndpointManagementContextConfiguration.servletEndpointRegistrar(ServletEndpointManagementContextConfiguration.java:65)
	at sun.reflect.NativeMethodAccessorImpl.invoke0(Native Method)
	at sun.reflect.NativeMethodAccessorImpl.invoke(NativeMethodAccessorImpl.java:62)
	at sun.reflect.DelegatingMethodAccessorImpl.invoke(DelegatingMethodAccessorImpl.java:43)
	at java.lang.reflect.Method.invoke(Method.java:498)
	at org.springframework.beans.factory.support.SimpleInstantiationStrategy.instantiate(SimpleInstantiationStrategy.java:154)
	... 54 common frames omitted
[35m2023-10-19 15:26:42,541[0;39m [34mINFO [0;39m [[34mmain[0;39m] [33mo.s.b.StartupInfoLogger.logStarting:55[0;39m:Starting S3RefreshPollerLibApplication using Java 1.8.0_181 on MacBook-Pro.local with PID 10355 (/Users/aloksingh/git/s3-refresh-submitter-demo/target/classes started by aloksingh in /Users/aloksingh/git/s3-refresh-submitter-demo)
[35m2023-10-19 15:26:42,545[0;39m [34mINFO [0;39m [[34mmain[0;39m] [33mo.s.b.SpringApplication.logStartupProfileInfo:631[0;39m:No active profile set, falling back to 1 default profile: "default"
[35m2023-10-19 15:26:45,892[0;39m [31mWARN [0;39m [[34mmain[0;39m] [33mo.s.b.a.e.EndpointId.logWarning:155[0;39m:Endpoint ID 'refresh-downstream' contains invalid characters, please migrate to a valid format.
[35m2023-10-19 15:26:48,349[0;39m [34mINFO [0;39m [[34mmain[0;39m] [33mo.s.b.StartupInfoLogger.logStarted:61[0;39m:Started S3RefreshPollerLibApplication in 6.771 seconds (JVM running for 7.624)
[35m2023-10-19 15:26:48,411[0;39m [34mINFO [0;39m [[34mmain[0;39m] [33mc.a.a.s.r.d.S3RefreshPollerLibApplication.run:25[0;39m:Application Started!!!
[35m2023-10-19 15:26:48,412[0;39m [34mINFO [0;39m [[34mmain[0;39m] [33mc.a.a.s.r.s.S3RefreshSubmitter.submitRefresh:69[0;39m:submitRefreshService::APPA::alok-s3-refresh::1697709408
[35m2023-10-19 15:26:49,166[0;39m [34mINFO [0;39m [[34mmain[0;39m] [33mc.a.a.s.r.s.S3RefreshSubmitter.submitRefresh:69[0;39m:submitRefreshService::APPB::alok-s3-refresh::1697709408
[35m2023-10-19 15:27:17,452[0;39m [34mINFO [0;39m [[34mmain[0;39m] [33mo.s.b.StartupInfoLogger.logStarting:55[0;39m:Starting S3RefreshPollerLibApplication using Java 1.8.0_181 on MacBook-Pro.local with PID 10488 (/Users/aloksingh/git/s3-refresh-submitter-demo/target/classes started by aloksingh in /Users/aloksingh/git/s3-refresh-submitter-demo)
[35m2023-10-19 15:27:17,456[0;39m [34mINFO [0;39m [[34mmain[0;39m] [33mo.s.b.SpringApplication.logStartupProfileInfo:631[0;39m:No active profile set, falling back to 1 default profile: "default"
[35m2023-10-19 15:27:20,851[0;39m [31mWARN [0;39m [[34mmain[0;39m] [33mo.s.b.a.e.EndpointId.logWarning:155[0;39m:Endpoint ID 'refresh-downstream' contains invalid characters, please migrate to a valid format.
[35m2023-10-19 15:27:23,014[0;39m [34mINFO [0;39m [[34mmain[0;39m] [33mo.s.b.StartupInfoLogger.logStarted:61[0;39m:Started S3RefreshPollerLibApplication in 6.775 seconds (JVM running for 7.621)
[35m2023-10-19 15:27:23,112[0;39m [34mINFO [0;39m [[34mmain[0;39m] [33mc.a.a.s.r.d.S3RefreshPollerLibApplication.run:25[0;39m:Application Started!!!
[35m2023-10-19 15:27:23,114[0;39m [34mINFO [0;39m [[34mmain[0;39m] [33mc.a.a.s.r.s.S3RefreshSubmitter.submitRefresh:69[0;39m:submitRefreshService::APPA::alok-s3-refresh::1697709443
[35m2023-10-19 15:27:23,855[0;39m [34mINFO [0;39m [[34mmain[0;39m] [33mc.a.a.s.r.s.S3RefreshSubmitter.submitRefresh:69[0;39m:submitRefreshService::APPB::alok-s3-refresh::1697709443
[35m2023-10-19 15:32:38,591[0;39m [34mINFO [0;39m [[34mmain[0;39m] [33mo.s.b.StartupInfoLogger.logStarting:55[0;39m:Starting S3RefreshPollerLibApplication using Java 1.8.0_181 on MacBook-Pro.local with PID 10778 (/Users/aloksingh/git/s3-refresh-submitter-demo/target/classes started by aloksingh in /Users/aloksingh/git/s3-refresh-submitter-demo)
[35m2023-10-19 15:32:38,595[0;39m [34mINFO [0;39m [[34mmain[0;39m] [33mo.s.b.SpringApplication.logStartupProfileInfo:631[0;39m:No active profile set, falling back to 1 default profile: "default"
[35m2023-10-19 15:32:41,918[0;39m [31mWARN [0;39m [[34mmain[0;39m] [33mo.s.b.a.e.EndpointId.logWarning:155[0;39m:Endpoint ID 'refresh-downstream' contains invalid characters, please migrate to a valid format.
[35m2023-10-19 15:32:44,246[0;39m [34mINFO [0;39m [[34mmain[0;39m] [33mo.s.b.StartupInfoLogger.logStarted:61[0;39m:Started S3RefreshPollerLibApplication in 6.636 seconds (JVM running for 7.458)
[35m2023-10-19 15:32:44,305[0;39m [34mINFO [0;39m [[34mmain[0;39m] [33mc.a.a.s.r.d.S3RefreshPollerLibApplication.run:25[0;39m:Application Started!!!
[35m2023-10-19 15:32:44,306[0;39m [34mINFO [0;39m [[34mmain[0;39m] [33mc.a.a.s.r.s.S3RefreshSubmitter.submitRefresh:69[0;39m:submitRefreshService::APPA::alok-s3-refresh::1697709764
[35m2023-10-19 15:32:45,035[0;39m [34mINFO [0;39m [[34mmain[0;39m] [33mc.a.a.s.r.s.S3RefreshSubmitter.submitRefresh:69[0;39m:submitRefreshService::APPB::alok-s3-refresh::1697709764
[35m2023-10-19 15:35:47,468[0;39m [34mINFO [0;39m [[34mmain[0;39m] [33mo.s.b.StartupInfoLogger.logStarting:55[0;39m:Starting S3RefreshPollerLibApplication using Java 1.8.0_181 on MacBook-Pro.local with PID 11508 (/Users/aloksingh/git/s3-refresh-submitter-demo/target/classes started by aloksingh in /Users/aloksingh/git/s3-refresh-submitter-demo)
[35m2023-10-19 15:35:47,472[0;39m [34mINFO [0;39m [[34mmain[0;39m] [33mo.s.b.SpringApplication.logStartupProfileInfo:631[0;39m:No active profile set, falling back to 1 default profile: "default"
[35m2023-10-19 15:35:50,930[0;39m [31mWARN [0;39m [[34mmain[0;39m] [33mo.s.b.a.e.EndpointId.logWarning:155[0;39m:Endpoint ID 'refresh-downstream' contains invalid characters, please migrate to a valid format.
[35m2023-10-19 15:35:53,050[0;39m [34mINFO [0;39m [[34mmain[0;39m] [33mo.s.b.StartupInfoLogger.logStarted:61[0;39m:Started S3RefreshPollerLibApplication in 6.659 seconds (JVM running for 7.971)
[35m2023-10-19 15:35:53,147[0;39m [34mINFO [0;39m [[34mmain[0;39m] [33mc.a.a.s.r.d.S3RefreshPollerLibApplication.run:25[0;39m:Application Started!!!
[35m2023-10-19 15:35:53,149[0;39m [34mINFO [0;39m [[34mmain[0;39m] [33mc.a.a.s.r.s.S3RefreshSubmitter.submitRefresh:69[0;39m:submitRefreshService::APPA::alok-s3-refresh::1697709953
[35m2023-10-19 15:35:53,941[0;39m [34mINFO [0;39m [[34mmain[0;39m] [33mc.a.a.s.r.s.S3RefreshSubmitter.submitRefresh:69[0;39m:submitRefreshService::APPB::alok-s3-refresh::1697709953
[35m2023-10-19 15:36:29,457[0;39m [34mINFO [0;39m [[34mhttp-nio-8099-exec-2[0;39m] [33mc.a.a.s.r.s.S3RefreshSubmitter.submitRefresh:69[0;39m:submitRefreshService::APPA::alok-s3-refresh::1697709989
[35m2023-10-19 15:36:29,771[0;39m [34mINFO [0;39m [[34mhttp-nio-8099-exec-2[0;39m] [33mc.a.a.s.r.s.S3RefreshSubmitter.submitRefresh:69[0;39m:submitRefreshService::APPB::alok-s3-refresh::1697709989
[35m2023-10-19 15:36:35,105[0;39m [34mINFO [0;39m [[34mhttp-nio-8099-exec-3[0;39m] [33mc.a.a.s.r.s.S3RefreshSubmitter.submitRefresh:69[0;39m:submitRefreshService::APPA::alok-s3-refresh::1697709995
[35m2023-10-19 15:36:35,230[0;39m [34mINFO [0;39m [[34mhttp-nio-8099-exec-3[0;39m] [33mc.a.a.s.r.s.S3RefreshSubmitter.submitRefresh:69[0;39m:submitRefreshService::APPB::alok-s3-refresh::1697709995
[35m2023-10-19 15:36:42,846[0;39m [34mINFO [0;39m [[34mhttp-nio-8099-exec-5[0;39m] [33mc.a.a.s.r.s.S3RefreshSubmitter.submitRefresh:69[0;39m:submitRefreshService::APPA::alok-s3-refresh::1697710002
[35m2023-10-19 15:36:50,250[0;39m [34mINFO [0;39m [[34mhttp-nio-8099-exec-6[0;39m] [33mc.a.a.s.r.s.S3RefreshSubmitter.submitRefresh:69[0;39m:submitRefreshService::APPB::alok-s3-refresh::1697710010
